  [1m[35m (10.3ms)[0m  [1m[35mCREATE TABLE "schema_migrations" ("version" varchar NOT NULL PRIMARY KEY)[0m
  [1m[35m (8.6ms)[0m  [1m[35mCREATE TABLE "ar_internal_metadata" ("key" varchar NOT NULL PRIMARY KEY, "value" varchar, "created_at" datetime NOT NULL, "updated_at" datetime NOT NULL)[0m
  [1m[36mActiveRecord::SchemaMigration Load (0.0ms)[0m  [1m[34mSELECT "schema_migrations".* FROM "schema_migrations"[0m
  [1m[36mActiveRecord::SchemaMigration Load (1.0ms)[0m  [1m[34mSELECT "schema_migrations".* FROM "schema_migrations"[0m
Migrating to CreateProductos (20170116194346)
  [1m[36mActiveRecord::SchemaMigration Load (0.0ms)[0m  [1m[34mSELECT "schema_migrations".* FROM "schema_migrations"[0m
Migrating to CreateProductos (20170116194346)
  [1m[36mActiveRecord::SchemaMigration Load (0.5ms)[0m  [1m[34mSELECT "schema_migrations".* FROM "schema_migrations"[0m
Migrating to CreateProductos (20170116194346)
  [1m[36mActiveRecord::SchemaMigration Load (0.5ms)[0m  [1m[34mSELECT "schema_migrations".* FROM "schema_migrations"[0m
Migrating to CreateProductos (20170116194346)
  [1m[36mActiveRecord::SchemaMigration Load (0.5ms)[0m  [1m[34mSELECT "schema_migrations".* FROM "schema_migrations"[0m
Migrating to CreateProductos (20170116194346)
  [1m[36mActiveRecord::SchemaMigration Load (0.5ms)[0m  [1m[34mSELECT "schema_migrations".* FROM "schema_migrations"[0m
Migrating to CreateProductos (20170116194346)
  [1m[35m (0.0ms)[0m  [1m[36mbegin transaction[0m
  [1m[35m (1.5ms)[0m  [1m[35mCREATE TABLE "productos" ("id" INTEGER PRIMARY KEY AUTOINCREMENT NOT NULL, "nombre" varchar, "tipo" varchar, "imagen" varchar, "codigo" integer, "created_at" datetime NOT NULL, "updated_at" datetime NOT NULL)[0m
  [1m[35mSQL (0.5ms)[0m  [1m[32mINSERT INTO "schema_migrations" ("version") VALUES (?)[0m  [["version", "20170116194346"]]
  [1m[35m (11.5ms)[0m  [1m[36mcommit transaction[0m
  [1m[36mActiveRecord::InternalMetadata Load (0.5ms)[0m  [1m[34mSELECT  "ar_internal_metadata".* FROM "ar_internal_metadata" WHERE "ar_internal_metadata"."key" = ? LIMIT ?[0m  [["key", :environment], ["LIMIT", 1]]
  [1m[35m (0.0ms)[0m  [1m[36mbegin transaction[0m
  [1m[35mSQL (1.5ms)[0m  [1m[32mINSERT INTO "ar_internal_metadata" ("key", "value", "created_at", "updated_at") VALUES (?, ?, ?, ?)[0m  [["key", "environment"], ["value", "development"], ["created_at", 2017-01-16 19:55:38 UTC], ["updated_at", 2017-01-16 19:55:38 UTC]]
  [1m[35m (7.5ms)[0m  [1m[36mcommit transaction[0m
  [1m[36mActiveRecord::SchemaMigration Load (0.5ms)[0m  [1m[34mSELECT "schema_migrations".* FROM "schema_migrations"[0m
Started GET "/" for ::1 at 2017-01-16 16:57:35 -0300
  [1m[36mActiveRecord::SchemaMigration Load (0.0ms)[0m  [1m[34mSELECT "schema_migrations".* FROM "schema_migrations"[0m
Processing by Rails::WelcomeController#index as HTML
  Parameters: {"internal"=>true}
  Rendering C:/RailsInstaller/Ruby2.2.0/lib/ruby/gems/2.2.0/gems/railties-5.0.1/lib/rails/templates/rails/welcome/index.html.erb
  Rendered C:/RailsInstaller/Ruby2.2.0/lib/ruby/gems/2.2.0/gems/railties-5.0.1/lib/rails/templates/rails/welcome/index.html.erb (7.0ms)
Completed 200 OK in 77ms (Views: 46.3ms | ActiveRecord: 0.0ms)


Started GET "/favicon.ico" for ::1 at 2017-01-16 16:57:36 -0300
  
ActionController::RoutingError (No route matches [GET] "/favicon.ico"):
  
actionpack (5.0.1) lib/action_dispatch/middleware/debug_exceptions.rb:53:in `call'
actionpack (5.0.1) lib/action_dispatch/middleware/show_exceptions.rb:31:in `call'
railties (5.0.1) lib/rails/rack/logger.rb:36:in `call_app'
railties (5.0.1) lib/rails/rack/logger.rb:24:in `block in call'
activesupport (5.0.1) lib/active_support/tagged_logging.rb:69:in `block in tagged'
activesupport (5.0.1) lib/active_support/tagged_logging.rb:26:in `tagged'
activesupport (5.0.1) lib/active_support/tagged_logging.rb:69:in `tagged'
railties (5.0.1) lib/rails/rack/logger.rb:24:in `call'
actionpack (5.0.1) lib/action_dispatch/middleware/request_id.rb:24:in `call'
rack (2.0.1) lib/rack/runtime.rb:22:in `call'
activesupport (5.0.1) lib/active_support/cache/strategy/local_cache_middleware.rb:28:in `call'
actionpack (5.0.1) lib/action_dispatch/middleware/executor.rb:12:in `call'
actionpack (5.0.1) lib/action_dispatch/middleware/static.rb:136:in `call'
rack (2.0.1) lib/rack/sendfile.rb:111:in `call'
railties (5.0.1) lib/rails/engine.rb:522:in `call'
puma (3.6.2) lib/puma/configuration.rb:225:in `call'
puma (3.6.2) lib/puma/server.rb:578:in `handle_request'
puma (3.6.2) lib/puma/server.rb:415:in `process_client'
puma (3.6.2) lib/puma/server.rb:275:in `block in run'
puma (3.6.2) lib/puma/thread_pool.rb:116:in `call'
puma (3.6.2) lib/puma/thread_pool.rb:116:in `block in spawn_thread'
Started GET "/productos" for ::1 at 2017-01-16 16:57:45 -0300
  
SyntaxError (C:/Opencore Movil/TestCoreApi/app/controllers/productos_controller.rb:49: syntax error, unexpected ',', expecting ')'
...ire(:producto).permit(:nombre,, :tipo,, :imagen,, :codigo)
...                               ^):
  
app/controllers/productos_controller.rb:49: syntax error, unexpected ',', expecting ')'
Started GET "/productos" for ::1 at 2017-01-16 16:58:18 -0300
Processing by ProductosController#index as HTML
Started GET "/productos" for ::1 at 2017-01-16 16:58:28 -0300
  [1m[36mProducto Load (1.0ms)[0m  [1m[34mSELECT "productos".* FROM "productos"[0m
Completed 200 OK in 11ms (Views: 4.1ms | ActiveRecord: 1.0ms)


Processing by ProductosController#index as HTML
  [1m[36mProducto Load (1.0ms)[0m  [1m[34mSELECT "productos".* FROM "productos"[0m
Completed 200 OK in 10ms (Views: 4.0ms | ActiveRecord: 1.0ms)


  [1m[36mActiveRecord::SchemaMigration Load (0.0ms)[0m  [1m[34mSELECT "schema_migrations".* FROM "schema_migrations"[0m
  [1m[35m (0.0ms)[0m  [1m[36mbegin transaction[0m
  [1m[35mSQL (1.5ms)[0m  [1m[32mINSERT INTO "productos" ("nombre", "tipo", "imagen", "codigo", "created_at", "updated_at") VALUES (?, ?, ?, ?, ?, ?)[0m  [["nombre", "item"], ["tipo", "Producto"], ["imagen", "https://www.google.cl/url?sa=i&rct=j&q=&esrc=s&source=images&cd=&cad=rja&uact=8&ved=0ahUKEwjMqpOut8fRAhXQnJAKHbXhDKEQjRwIBw&url=http%3A%2F%2Fwww.santanderrio.com.ar%2Fbanco%2Fonline%2Fpymes-advance%2Fformacion-empresarial%2Fpildoras-de-conocimiento%2Fmarketing%2Fsabes-cual-es-la-naturaleza-de-tu-producto&psig=AFQjCNHVQFWhl9aVE5tr6XYDZ2I9WlK4NQ&ust=1484682470188381"], ["codigo", 1], ["created_at", 2017-01-16 19:59:26 UTC], ["updated_at", 2017-01-16 19:59:26 UTC]]
  [1m[35m (11.3ms)[0m  [1m[36mcommit transaction[0m
  [1m[35m (0.0ms)[0m  [1m[36mbegin transaction[0m
  [1m[35mSQL (1.0ms)[0m  [1m[32mINSERT INTO "productos" ("nombre", "tipo", "imagen", "codigo", "created_at", "updated_at") VALUES (?, ?, ?, ?, ?, ?)[0m  [["nombre", "item"], ["tipo", "Producto"], ["imagen", "https://www.google.cl/url?sa=i&rct=j&q=&esrc=s&source=images&cd=&cad=rja&uact=8&ved=0ahUKEwjMqpOut8fRAhXQnJAKHbXhDKEQjRwIBw&url=http%3A%2F%2Fwww.santanderrio.com.ar%2Fbanco%2Fonline%2Fpymes-advance%2Fformacion-empresarial%2Fpildoras-de-conocimiento%2Fmarketing%2Fsabes-cual-es-la-naturaleza-de-tu-producto&psig=AFQjCNHVQFWhl9aVE5tr6XYDZ2I9WlK4NQ&ust=1484682470188381"], ["codigo", 1], ["created_at", 2017-01-16 19:59:26 UTC], ["updated_at", 2017-01-16 19:59:26 UTC]]
  [1m[35m (11.0ms)[0m  [1m[36mcommit transaction[0m
  [1m[35m (0.0ms)[0m  [1m[36mbegin transaction[0m
  [1m[35mSQL (1.0ms)[0m  [1m[32mINSERT INTO "productos" ("nombre", "tipo", "imagen", "codigo", "created_at", "updated_at") VALUES (?, ?, ?, ?, ?, ?)[0m  [["nombre", "item"], ["tipo", "Producto"], ["imagen", "https://www.google.cl/url?sa=i&rct=j&q=&esrc=s&source=images&cd=&cad=rja&uact=8&ved=0ahUKEwjMqpOut8fRAhXQnJAKHbXhDKEQjRwIBw&url=http%3A%2F%2Fwww.santanderrio.com.ar%2Fbanco%2Fonline%2Fpymes-advance%2Fformacion-empresarial%2Fpildoras-de-conocimiento%2Fmarketing%2Fsabes-cual-es-la-naturaleza-de-tu-producto&psig=AFQjCNHVQFWhl9aVE5tr6XYDZ2I9WlK4NQ&ust=1484682470188381"], ["codigo", 1], ["created_at", 2017-01-16 19:59:26 UTC], ["updated_at", 2017-01-16 19:59:26 UTC]]
  [1m[35m (10.5ms)[0m  [1m[36mcommit transaction[0m
  [1m[35m (0.0ms)[0m  [1m[36mbegin transaction[0m
  [1m[35mSQL (1.0ms)[0m  [1m[32mINSERT INTO "productos" ("nombre", "tipo", "imagen", "codigo", "created_at", "updated_at") VALUES (?, ?, ?, ?, ?, ?)[0m  [["nombre", "item"], ["tipo", "Producto"], ["imagen", "https://www.google.cl/url?sa=i&rct=j&q=&esrc=s&source=images&cd=&cad=rja&uact=8&ved=0ahUKEwjMqpOut8fRAhXQnJAKHbXhDKEQjRwIBw&url=http%3A%2F%2Fwww.santanderrio.com.ar%2Fbanco%2Fonline%2Fpymes-advance%2Fformacion-empresarial%2Fpildoras-de-conocimiento%2Fmarketing%2Fsabes-cual-es-la-naturaleza-de-tu-producto&psig=AFQjCNHVQFWhl9aVE5tr6XYDZ2I9WlK4NQ&ust=1484682470188381"], ["codigo", 1], ["created_at", 2017-01-16 19:59:26 UTC], ["updated_at", 2017-01-16 19:59:26 UTC]]
  [1m[35m (10.4ms)[0m  [1m[36mcommit transaction[0m
  [1m[35m (0.0ms)[0m  [1m[36mbegin transaction[0m
  [1m[35mSQL (1.0ms)[0m  [1m[32mINSERT INTO "productos" ("nombre", "tipo", "imagen", "codigo", "created_at", "updated_at") VALUES (?, ?, ?, ?, ?, ?)[0m  [["nombre", "item"], ["tipo", "Producto"], ["imagen", "https://www.google.cl/url?sa=i&rct=j&q=&esrc=s&source=images&cd=&cad=rja&uact=8&ved=0ahUKEwjMqpOut8fRAhXQnJAKHbXhDKEQjRwIBw&url=http%3A%2F%2Fwww.santanderrio.com.ar%2Fbanco%2Fonline%2Fpymes-advance%2Fformacion-empresarial%2Fpildoras-de-conocimiento%2Fmarketing%2Fsabes-cual-es-la-naturaleza-de-tu-producto&psig=AFQjCNHVQFWhl9aVE5tr6XYDZ2I9WlK4NQ&ust=1484682470188381"], ["codigo", 1], ["created_at", 2017-01-16 19:59:26 UTC], ["updated_at", 2017-01-16 19:59:26 UTC]]
  [1m[35m (11.0ms)[0m  [1m[36mcommit transaction[0m
  [1m[35m (0.0ms)[0m  [1m[36mbegin transaction[0m
  [1m[35mSQL (1.0ms)[0m  [1m[32mINSERT INTO "productos" ("nombre", "tipo", "imagen", "codigo", "created_at", "updated_at") VALUES (?, ?, ?, ?, ?, ?)[0m  [["nombre", "item"], ["tipo", "Producto"], ["imagen", "https://www.google.cl/url?sa=i&rct=j&q=&esrc=s&source=images&cd=&cad=rja&uact=8&ved=0ahUKEwjMqpOut8fRAhXQnJAKHbXhDKEQjRwIBw&url=http%3A%2F%2Fwww.santanderrio.com.ar%2Fbanco%2Fonline%2Fpymes-advance%2Fformacion-empresarial%2Fpildoras-de-conocimiento%2Fmarketing%2Fsabes-cual-es-la-naturaleza-de-tu-producto&psig=AFQjCNHVQFWhl9aVE5tr6XYDZ2I9WlK4NQ&ust=1484682470188381"], ["codigo", 1], ["created_at", 2017-01-16 19:59:26 UTC], ["updated_at", 2017-01-16 19:59:26 UTC]]
  [1m[35m (10.1ms)[0m  [1m[36mcommit transaction[0m
  [1m[35m (0.0ms)[0m  [1m[36mbegin transaction[0m
  [1m[35mSQL (1.0ms)[0m  [1m[32mINSERT INTO "productos" ("nombre", "tipo", "imagen", "codigo", "created_at", "updated_at") VALUES (?, ?, ?, ?, ?, ?)[0m  [["nombre", "item"], ["tipo", "Producto"], ["imagen", "https://www.google.cl/url?sa=i&rct=j&q=&esrc=s&source=images&cd=&cad=rja&uact=8&ved=0ahUKEwjMqpOut8fRAhXQnJAKHbXhDKEQjRwIBw&url=http%3A%2F%2Fwww.santanderrio.com.ar%2Fbanco%2Fonline%2Fpymes-advance%2Fformacion-empresarial%2Fpildoras-de-conocimiento%2Fmarketing%2Fsabes-cual-es-la-naturaleza-de-tu-producto&psig=AFQjCNHVQFWhl9aVE5tr6XYDZ2I9WlK4NQ&ust=1484682470188381"], ["codigo", 1], ["created_at", 2017-01-16 19:59:26 UTC], ["updated_at", 2017-01-16 19:59:26 UTC]]
  [1m[35m (10.1ms)[0m  [1m[36mcommit transaction[0m
  [1m[35m (0.0ms)[0m  [1m[36mbegin transaction[0m
  [1m[35mSQL (1.0ms)[0m  [1m[32mINSERT INTO "productos" ("nombre", "tipo", "imagen", "codigo", "created_at", "updated_at") VALUES (?, ?, ?, ?, ?, ?)[0m  [["nombre", "item"], ["tipo", "Producto"], ["imagen", "https://www.google.cl/url?sa=i&rct=j&q=&esrc=s&source=images&cd=&cad=rja&uact=8&ved=0ahUKEwjMqpOut8fRAhXQnJAKHbXhDKEQjRwIBw&url=http%3A%2F%2Fwww.santanderrio.com.ar%2Fbanco%2Fonline%2Fpymes-advance%2Fformacion-empresarial%2Fpildoras-de-conocimiento%2Fmarketing%2Fsabes-cual-es-la-naturaleza-de-tu-producto&psig=AFQjCNHVQFWhl9aVE5tr6XYDZ2I9WlK4NQ&ust=1484682470188381"], ["codigo", 1], ["created_at", 2017-01-16 19:59:26 UTC], ["updated_at", 2017-01-16 19:59:26 UTC]]
  [1m[35m (10.0ms)[0m  [1m[36mcommit transaction[0m
  [1m[35m (0.0ms)[0m  [1m[36mbegin transaction[0m
  [1m[35mSQL (1.0ms)[0m  [1m[32mINSERT INTO "productos" ("nombre", "tipo", "imagen", "codigo", "created_at", "updated_at") VALUES (?, ?, ?, ?, ?, ?)[0m  [["nombre", "item"], ["tipo", "Producto"], ["imagen", "https://www.google.cl/url?sa=i&rct=j&q=&esrc=s&source=images&cd=&cad=rja&uact=8&ved=0ahUKEwjMqpOut8fRAhXQnJAKHbXhDKEQjRwIBw&url=http%3A%2F%2Fwww.santanderrio.com.ar%2Fbanco%2Fonline%2Fpymes-advance%2Fformacion-empresarial%2Fpildoras-de-conocimiento%2Fmarketing%2Fsabes-cual-es-la-naturaleza-de-tu-producto&psig=AFQjCNHVQFWhl9aVE5tr6XYDZ2I9WlK4NQ&ust=1484682470188381"], ["codigo", 1], ["created_at", 2017-01-16 19:59:26 UTC], ["updated_at", 2017-01-16 19:59:26 UTC]]
  [1m[35m (9.7ms)[0m  [1m[36mcommit transaction[0m
  [1m[35m (0.0ms)[0m  [1m[36mbegin transaction[0m
  [1m[35mSQL (1.0ms)[0m  [1m[32mINSERT INTO "productos" ("nombre", "tipo", "imagen", "codigo", "created_at", "updated_at") VALUES (?, ?, ?, ?, ?, ?)[0m  [["nombre", "item"], ["tipo", "Producto"], ["imagen", "https://www.google.cl/url?sa=i&rct=j&q=&esrc=s&source=images&cd=&cad=rja&uact=8&ved=0ahUKEwjMqpOut8fRAhXQnJAKHbXhDKEQjRwIBw&url=http%3A%2F%2Fwww.santanderrio.com.ar%2Fbanco%2Fonline%2Fpymes-advance%2Fformacion-empresarial%2Fpildoras-de-conocimiento%2Fmarketing%2Fsabes-cual-es-la-naturaleza-de-tu-producto&psig=AFQjCNHVQFWhl9aVE5tr6XYDZ2I9WlK4NQ&ust=1484682470188381"], ["codigo", 1], ["created_at", 2017-01-16 19:59:26 UTC], ["updated_at", 2017-01-16 19:59:26 UTC]]
  [1m[35m (10.9ms)[0m  [1m[36mcommit transaction[0m
Started GET "/productos" for ::1 at 2017-01-16 16:59:36 -0300
Processing by ProductosController#index as HTML
  [1m[36mProducto Load (0.0ms)[0m  [1m[34mSELECT "productos".* FROM "productos"[0m
Completed 200 OK in 19ms (Views: 18.0ms | ActiveRecord: 0.0ms)


Started GET "/productos.json" for ::1 at 2017-01-16 17:00:28 -0300
Processing by ProductosController#index as JSON
  [1m[36mProducto Load (0.0ms)[0m  [1m[34mSELECT "productos".* FROM "productos"[0m
Completed 200 OK in 11ms (Views: 10.5ms | ActiveRecord: 0.0ms)


  [1m[36mActiveRecord::SchemaMigration Load (1.0ms)[0m  [1m[34mSELECT "schema_migrations".* FROM "schema_migrations"[0m
  [1m[36mActiveRecord::InternalMetadata Load (0.0ms)[0m  [1m[34mSELECT  "ar_internal_metadata".* FROM "ar_internal_metadata" WHERE "ar_internal_metadata"."key" = ? LIMIT ?[0m  [["key", :environment], ["LIMIT", 1]]
  [1m[35m (0.0ms)[0m  [1m[36mbegin transaction[0m
  [1m[35m (0.0ms)[0m  [1m[36mcommit transaction[0m
  [1m[36mActiveRecord::SchemaMigration Load (0.0ms)[0m  [1m[34mSELECT "schema_migrations".* FROM "schema_migrations"[0m
Started GET "/productos.json" for ::1 at 2017-01-16 17:04:48 -0300
Processing by ProductosController#index as JSON
  [1m[36mProducto Load (1.0ms)[0m  [1m[34mSELECT "productos".* FROM "productos"[0m
Completed 200 OK in 24ms (Views: 16.1ms | ActiveRecord: 3.0ms)


Started GET "/productos.json" for ::1 at 2017-01-16 17:04:49 -0300
Processing by ProductosController#index as JSON
  [1m[36mProducto Load (1.0ms)[0m  [1m[34mSELECT "productos".* FROM "productos"[0m
Completed 200 OK in 10ms (Views: 8.0ms | ActiveRecord: 1.0ms)


  [1m[36mActiveRecord::SchemaMigration Load (0.0ms)[0m  [1m[34mSELECT "schema_migrations".* FROM "schema_migrations"[0m
  [1m[36mActiveRecord::InternalMetadata Load (0.0ms)[0m  [1m[34mSELECT  "ar_internal_metadata".* FROM "ar_internal_metadata" WHERE "ar_internal_metadata"."key" = ? LIMIT ?[0m  [["key", :environment], ["LIMIT", 1]]
  [1m[35m (0.0ms)[0m  [1m[36mbegin transaction[0m
  [1m[35m (0.0ms)[0m  [1m[36mcommit transaction[0m
  [1m[36mActiveRecord::SchemaMigration Load (0.0ms)[0m  [1m[34mSELECT "schema_migrations".* FROM "schema_migrations"[0m
Started GET "/productos.json" for ::1 at 2017-01-16 17:05:28 -0300
Processing by ProductosController#index as JSON
  [1m[36mProducto Load (0.0ms)[0m  [1m[34mSELECT "productos".* FROM "productos"[0m
Completed 200 OK in 24ms (Views: 17.4ms | ActiveRecord: 2.0ms)


Started GET "/productos.json" for ::1 at 2017-01-16 17:05:29 -0300
Processing by ProductosController#index as JSON
  [1m[36mProducto Load (0.0ms)[0m  [1m[34mSELECT "productos".* FROM "productos"[0m
Completed 200 OK in 9ms (Views: 9.3ms | ActiveRecord: 0.0ms)


Started GET "/productos.json" for ::1 at 2017-01-16 17:05:30 -0300
Processing by ProductosController#index as JSON
  [1m[36mProducto Load (1.0ms)[0m  [1m[34mSELECT "productos".* FROM "productos"[0m
Completed 200 OK in 10ms (Views: 8.3ms | ActiveRecord: 1.0ms)


  [1m[36mActiveRecord::SchemaMigration Load (1.0ms)[0m  [1m[34mSELECT "schema_migrations".* FROM "schema_migrations"[0m
  [1m[35m (1.0ms)[0m  [1m[36mbegin transaction[0m
  [1m[35mSQL (1.0ms)[0m  [1m[32mINSERT INTO "productos" ("nombre", "tipo", "imagen", "codigo", "created_at", "updated_at") VALUES (?, ?, ?, ?, ?, ?)[0m  [["nombre", "item"], ["tipo", "Producto"], ["imagen", "C:\\Users\\alexa\\Downloads\\robert-downey-jr-meme-eyes_thumb.jpg"], ["codigo", 1], ["created_at", 2017-01-16 20:05:46 UTC], ["updated_at", 2017-01-16 20:05:46 UTC]]
  [1m[35m (7.0ms)[0m  [1m[36mcommit transaction[0m
  [1m[35m (0.0ms)[0m  [1m[36mbegin transaction[0m
  [1m[35mSQL (1.0ms)[0m  [1m[32mINSERT INTO "productos" ("nombre", "tipo", "imagen", "codigo", "created_at", "updated_at") VALUES (?, ?, ?, ?, ?, ?)[0m  [["nombre", "item"], ["tipo", "Producto"], ["imagen", "C:\\Users\\alexa\\Downloads\\robert-downey-jr-meme-eyes_thumb.jpg"], ["codigo", 1], ["created_at", 2017-01-16 20:05:46 UTC], ["updated_at", 2017-01-16 20:05:46 UTC]]
  [1m[35m (17.0ms)[0m  [1m[36mcommit transaction[0m
  [1m[35m (0.0ms)[0m  [1m[36mbegin transaction[0m
  [1m[35mSQL (1.0ms)[0m  [1m[32mINSERT INTO "productos" ("nombre", "tipo", "imagen", "codigo", "created_at", "updated_at") VALUES (?, ?, ?, ?, ?, ?)[0m  [["nombre", "item"], ["tipo", "Producto"], ["imagen", "C:\\Users\\alexa\\Downloads\\robert-downey-jr-meme-eyes_thumb.jpg"], ["codigo", 1], ["created_at", 2017-01-16 20:05:46 UTC], ["updated_at", 2017-01-16 20:05:46 UTC]]
  [1m[35m (17.0ms)[0m  [1m[36mcommit transaction[0m
  [1m[35m (0.0ms)[0m  [1m[36mbegin transaction[0m
  [1m[35mSQL (1.0ms)[0m  [1m[32mINSERT INTO "productos" ("nombre", "tipo", "imagen", "codigo", "created_at", "updated_at") VALUES (?, ?, ?, ?, ?, ?)[0m  [["nombre", "item"], ["tipo", "Producto"], ["imagen", "C:\\Users\\alexa\\Downloads\\robert-downey-jr-meme-eyes_thumb.jpg"], ["codigo", 1], ["created_at", 2017-01-16 20:05:46 UTC], ["updated_at", 2017-01-16 20:05:46 UTC]]
  [1m[35m (17.0ms)[0m  [1m[36mcommit transaction[0m
  [1m[35m (0.0ms)[0m  [1m[36mbegin transaction[0m
  [1m[35mSQL (1.0ms)[0m  [1m[32mINSERT INTO "productos" ("nombre", "tipo", "imagen", "codigo", "created_at", "updated_at") VALUES (?, ?, ?, ?, ?, ?)[0m  [["nombre", "item"], ["tipo", "Producto"], ["imagen", "C:\\Users\\alexa\\Downloads\\robert-downey-jr-meme-eyes_thumb.jpg"], ["codigo", 1], ["created_at", 2017-01-16 20:05:46 UTC], ["updated_at", 2017-01-16 20:05:46 UTC]]
  [1m[35m (17.0ms)[0m  [1m[36mcommit transaction[0m
  [1m[35m (0.0ms)[0m  [1m[36mbegin transaction[0m
  [1m[35mSQL (1.0ms)[0m  [1m[32mINSERT INTO "productos" ("nombre", "tipo", "imagen", "codigo", "created_at", "updated_at") VALUES (?, ?, ?, ?, ?, ?)[0m  [["nombre", "item"], ["tipo", "Producto"], ["imagen", "C:\\Users\\alexa\\Downloads\\robert-downey-jr-meme-eyes_thumb.jpg"], ["codigo", 1], ["created_at", 2017-01-16 20:05:47 UTC], ["updated_at", 2017-01-16 20:05:47 UTC]]
  [1m[35m (16.0ms)[0m  [1m[36mcommit transaction[0m
  [1m[35m (0.0ms)[0m  [1m[36mbegin transaction[0m
  [1m[35mSQL (1.0ms)[0m  [1m[32mINSERT INTO "productos" ("nombre", "tipo", "imagen", "codigo", "created_at", "updated_at") VALUES (?, ?, ?, ?, ?, ?)[0m  [["nombre", "item"], ["tipo", "Producto"], ["imagen", "C:\\Users\\alexa\\Downloads\\robert-downey-jr-meme-eyes_thumb.jpg"], ["codigo", 1], ["created_at", 2017-01-16 20:05:47 UTC], ["updated_at", 2017-01-16 20:05:47 UTC]]
  [1m[35m (15.0ms)[0m  [1m[36mcommit transaction[0m
  [1m[35m (0.0ms)[0m  [1m[36mbegin transaction[0m
  [1m[35mSQL (1.0ms)[0m  [1m[32mINSERT INTO "productos" ("nombre", "tipo", "imagen", "codigo", "created_at", "updated_at") VALUES (?, ?, ?, ?, ?, ?)[0m  [["nombre", "item"], ["tipo", "Producto"], ["imagen", "C:\\Users\\alexa\\Downloads\\robert-downey-jr-meme-eyes_thumb.jpg"], ["codigo", 1], ["created_at", 2017-01-16 20:05:47 UTC], ["updated_at", 2017-01-16 20:05:47 UTC]]
  [1m[35m (9.0ms)[0m  [1m[36mcommit transaction[0m
  [1m[35m (0.0ms)[0m  [1m[36mbegin transaction[0m
  [1m[35mSQL (1.0ms)[0m  [1m[32mINSERT INTO "productos" ("nombre", "tipo", "imagen", "codigo", "created_at", "updated_at") VALUES (?, ?, ?, ?, ?, ?)[0m  [["nombre", "item"], ["tipo", "Producto"], ["imagen", "C:\\Users\\alexa\\Downloads\\robert-downey-jr-meme-eyes_thumb.jpg"], ["codigo", 1], ["created_at", 2017-01-16 20:05:47 UTC], ["updated_at", 2017-01-16 20:05:47 UTC]]
  [1m[35m (15.0ms)[0m  [1m[36mcommit transaction[0m
  [1m[35m (1.0ms)[0m  [1m[36mbegin transaction[0m
  [1m[35mSQL (1.0ms)[0m  [1m[32mINSERT INTO "productos" ("nombre", "tipo", "imagen", "codigo", "created_at", "updated_at") VALUES (?, ?, ?, ?, ?, ?)[0m  [["nombre", "item"], ["tipo", "Producto"], ["imagen", "C:\\Users\\alexa\\Downloads\\robert-downey-jr-meme-eyes_thumb.jpg"], ["codigo", 1], ["created_at", 2017-01-16 20:05:47 UTC], ["updated_at", 2017-01-16 20:05:47 UTC]]
  [1m[35m (17.0ms)[0m  [1m[36mcommit transaction[0m
Started GET "/productos.json" for ::1 at 2017-01-16 17:05:51 -0300
Processing by ProductosController#index as JSON
  [1m[36mProducto Load (0.0ms)[0m  [1m[34mSELECT "productos".* FROM "productos"[0m
Completed 200 OK in 16ms (Views: 15.2ms | ActiveRecord: 0.0ms)


  [1m[35m (11.0ms)[0m  [1m[35mCREATE TABLE "schema_migrations" ("version" varchar NOT NULL PRIMARY KEY)[0m
  [1m[35m (13.0ms)[0m  [1m[35mCREATE TABLE "ar_internal_metadata" ("key" varchar NOT NULL PRIMARY KEY, "value" varchar, "created_at" datetime NOT NULL, "updated_at" datetime NOT NULL)[0m
  [1m[36mActiveRecord::SchemaMigration Load (1.0ms)[0m  [1m[34mSELECT "schema_migrations".* FROM "schema_migrations"[0m
Migrating to CreateProductos (20170116194346)
  [1m[35m (0.0ms)[0m  [1m[36mbegin transaction[0m
  [1m[35m (1.0ms)[0m  [1m[35mCREATE TABLE "productos" ("id" INTEGER PRIMARY KEY AUTOINCREMENT NOT NULL, "nombre" varchar, "tipo" varchar, "imagen" varchar, "codigo" integer, "created_at" datetime NOT NULL, "updated_at" datetime NOT NULL)[0m
  [1m[35mSQL (1.0ms)[0m  [1m[32mINSERT INTO "schema_migrations" ("version") VALUES (?)[0m  [["version", "20170116194346"]]
  [1m[35m (11.0ms)[0m  [1m[36mcommit transaction[0m
  [1m[36mActiveRecord::InternalMetadata Load (0.0ms)[0m  [1m[34mSELECT  "ar_internal_metadata".* FROM "ar_internal_metadata" WHERE "ar_internal_metadata"."key" = ? LIMIT ?[0m  [["key", :environment], ["LIMIT", 1]]
  [1m[35m (0.0ms)[0m  [1m[36mbegin transaction[0m
  [1m[35mSQL (2.0ms)[0m  [1m[32mINSERT INTO "ar_internal_metadata" ("key", "value", "created_at", "updated_at") VALUES (?, ?, ?, ?)[0m  [["key", "environment"], ["value", "development"], ["created_at", 2017-01-16 20:09:05 UTC], ["updated_at", 2017-01-16 20:09:05 UTC]]
  [1m[35m (9.0ms)[0m  [1m[36mcommit transaction[0m
  [1m[36mActiveRecord::SchemaMigration Load (0.0ms)[0m  [1m[34mSELECT "schema_migrations".* FROM "schema_migrations"[0m
  [1m[36mActiveRecord::SchemaMigration Load (0.0ms)[0m  [1m[34mSELECT "schema_migrations".* FROM "schema_migrations"[0m
  [1m[35m (0.0ms)[0m  [1m[36mbegin transaction[0m
  [1m[35mSQL (1.0ms)[0m  [1m[32mINSERT INTO "productos" ("nombre", "tipo", "imagen", "codigo", "created_at", "updated_at") VALUES (?, ?, ?, ?, ?, ?)[0m  [["nombre", "item"], ["tipo", "Producto"], ["imagen", "C:\\Users\\alexa\\Downloads\\robert-downey-jr-meme-eyes_thumb.jpg"], ["codigo", 1], ["created_at", 2017-01-16 20:09:16 UTC], ["updated_at", 2017-01-16 20:09:16 UTC]]
  [1m[35m (6.0ms)[0m  [1m[36mcommit transaction[0m
  [1m[35m (0.0ms)[0m  [1m[36mbegin transaction[0m
  [1m[35mSQL (1.0ms)[0m  [1m[32mINSERT INTO "productos" ("nombre", "tipo", "imagen", "codigo", "created_at", "updated_at") VALUES (?, ?, ?, ?, ?, ?)[0m  [["nombre", "item"], ["tipo", "Producto"], ["imagen", "C:\\Users\\alexa\\Downloads\\robert-downey-jr-meme-eyes_thumb.jpg"], ["codigo", 1], ["created_at", 2017-01-16 20:09:16 UTC], ["updated_at", 2017-01-16 20:09:16 UTC]]
  [1m[35m (14.0ms)[0m  [1m[36mcommit transaction[0m
  [1m[35m (0.0ms)[0m  [1m[36mbegin transaction[0m
  [1m[35mSQL (2.0ms)[0m  [1m[32mINSERT INTO "productos" ("nombre", "tipo", "imagen", "codigo", "created_at", "updated_at") VALUES (?, ?, ?, ?, ?, ?)[0m  [["nombre", "item"], ["tipo", "Producto"], ["imagen", "C:\\Users\\alexa\\Downloads\\robert-downey-jr-meme-eyes_thumb.jpg"], ["codigo", 1], ["created_at", 2017-01-16 20:09:16 UTC], ["updated_at", 2017-01-16 20:09:16 UTC]]
  [1m[35m (16.0ms)[0m  [1m[36mcommit transaction[0m
  [1m[35m (0.0ms)[0m  [1m[36mbegin transaction[0m
  [1m[35mSQL (2.0ms)[0m  [1m[32mINSERT INTO "productos" ("nombre", "tipo", "imagen", "codigo", "created_at", "updated_at") VALUES (?, ?, ?, ?, ?, ?)[0m  [["nombre", "item"], ["tipo", "Producto"], ["imagen", "C:\\Users\\alexa\\Downloads\\robert-downey-jr-meme-eyes_thumb.jpg"], ["codigo", 1], ["created_at", 2017-01-16 20:09:16 UTC], ["updated_at", 2017-01-16 20:09:16 UTC]]
  [1m[35m (13.0ms)[0m  [1m[36mcommit transaction[0m
  [1m[35m (0.0ms)[0m  [1m[36mbegin transaction[0m
  [1m[35mSQL (2.0ms)[0m  [1m[32mINSERT INTO "productos" ("nombre", "tipo", "imagen", "codigo", "created_at", "updated_at") VALUES (?, ?, ?, ?, ?, ?)[0m  [["nombre", "item"], ["tipo", "Producto"], ["imagen", "C:\\Users\\alexa\\Downloads\\robert-downey-jr-meme-eyes_thumb.jpg"], ["codigo", 1], ["created_at", 2017-01-16 20:09:16 UTC], ["updated_at", 2017-01-16 20:09:16 UTC]]
  [1m[35m (12.0ms)[0m  [1m[36mcommit transaction[0m
  [1m[35m (0.0ms)[0m  [1m[36mbegin transaction[0m
  [1m[35mSQL (3.0ms)[0m  [1m[32mINSERT INTO "productos" ("nombre", "tipo", "imagen", "codigo", "created_at", "updated_at") VALUES (?, ?, ?, ?, ?, ?)[0m  [["nombre", "item"], ["tipo", "Producto"], ["imagen", "C:\\Users\\alexa\\Downloads\\robert-downey-jr-meme-eyes_thumb.jpg"], ["codigo", 1], ["created_at", 2017-01-16 20:09:16 UTC], ["updated_at", 2017-01-16 20:09:16 UTC]]
  [1m[35m (8.0ms)[0m  [1m[36mcommit transaction[0m
  [1m[35m (0.0ms)[0m  [1m[36mbegin transaction[0m
  [1m[35mSQL (1.0ms)[0m  [1m[32mINSERT INTO "productos" ("nombre", "tipo", "imagen", "codigo", "created_at", "updated_at") VALUES (?, ?, ?, ?, ?, ?)[0m  [["nombre", "item"], ["tipo", "Producto"], ["imagen", "C:\\Users\\alexa\\Downloads\\robert-downey-jr-meme-eyes_thumb.jpg"], ["codigo", 1], ["created_at", 2017-01-16 20:09:16 UTC], ["updated_at", 2017-01-16 20:09:16 UTC]]
  [1m[35m (14.0ms)[0m  [1m[36mcommit transaction[0m
  [1m[35m (0.0ms)[0m  [1m[36mbegin transaction[0m
  [1m[35mSQL (1.0ms)[0m  [1m[32mINSERT INTO "productos" ("nombre", "tipo", "imagen", "codigo", "created_at", "updated_at") VALUES (?, ?, ?, ?, ?, ?)[0m  [["nombre", "item"], ["tipo", "Producto"], ["imagen", "C:\\Users\\alexa\\Downloads\\robert-downey-jr-meme-eyes_thumb.jpg"], ["codigo", 1], ["created_at", 2017-01-16 20:09:16 UTC], ["updated_at", 2017-01-16 20:09:16 UTC]]
  [1m[35m (14.0ms)[0m  [1m[36mcommit transaction[0m
  [1m[35m (0.0ms)[0m  [1m[36mbegin transaction[0m
  [1m[35mSQL (1.0ms)[0m  [1m[32mINSERT INTO "productos" ("nombre", "tipo", "imagen", "codigo", "created_at", "updated_at") VALUES (?, ?, ?, ?, ?, ?)[0m  [["nombre", "item"], ["tipo", "Producto"], ["imagen", "C:\\Users\\alexa\\Downloads\\robert-downey-jr-meme-eyes_thumb.jpg"], ["codigo", 1], ["created_at", 2017-01-16 20:09:16 UTC], ["updated_at", 2017-01-16 20:09:16 UTC]]
  [1m[35m (15.0ms)[0m  [1m[36mcommit transaction[0m
  [1m[35m (0.0ms)[0m  [1m[36mbegin transaction[0m
  [1m[35mSQL (1.0ms)[0m  [1m[32mINSERT INTO "productos" ("nombre", "tipo", "imagen", "codigo", "created_at", "updated_at") VALUES (?, ?, ?, ?, ?, ?)[0m  [["nombre", "item"], ["tipo", "Producto"], ["imagen", "C:\\Users\\alexa\\Downloads\\robert-downey-jr-meme-eyes_thumb.jpg"], ["codigo", 1], ["created_at", 2017-01-16 20:09:16 UTC], ["updated_at", 2017-01-16 20:09:16 UTC]]
  [1m[35m (12.0ms)[0m  [1m[36mcommit transaction[0m
Started GET "/productos.json" for ::1 at 2017-01-16 17:09:24 -0300
  [1m[36mActiveRecord::SchemaMigration Load (0.0ms)[0m  [1m[34mSELECT "schema_migrations".* FROM "schema_migrations"[0m
Processing by ProductosController#index as JSON
  [1m[36mProducto Load (0.0ms)[0m  [1m[34mSELECT "productos".* FROM "productos"[0m
Completed 200 OK in 22ms (Views: 15.1ms | ActiveRecord: 1.0ms)


Started GET "/productos.json" for ::1 at 2017-01-16 17:34:56 -0300
Processing by ProductosController#index as JSON
  [1m[36mProducto Load (1.0ms)[0m  [1m[34mSELECT "productos".* FROM "productos"[0m
Completed 200 OK in 28ms (Views: 4.6ms | ActiveRecord: 2.0ms)


Started GET "/productos.json" for ::1 at 2017-01-16 17:35:38 -0300
Processing by ProductosController#index as JSON
  [1m[36mProducto Load (0.5ms)[0m  [1m[34mSELECT "productos".* FROM "productos"[0m
Completed 200 OK in 26ms (Views: 17.4ms | ActiveRecord: 1.0ms)


Started GET "/productos.json" for ::1 at 2017-01-16 17:35:41 -0300
Processing by ProductosController#index as JSON
  [1m[36mProducto Load (0.5ms)[0m  [1m[34mSELECT "productos".* FROM "productos"[0m
Completed 200 OK in 11ms (Views: 10.1ms | ActiveRecord: 0.5ms)


Started GET "/" for ::1 at 2017-01-19 12:38:44 -0300
  [1m[36mActiveRecord::SchemaMigration Load (1.0ms)[0m  [1m[34mSELECT "schema_migrations".* FROM "schema_migrations"[0m
Processing by Rails::WelcomeController#index as HTML
  Parameters: {"internal"=>true}
  Rendering C:/RailsInstaller/Ruby2.2.0/lib/ruby/gems/2.2.0/gems/railties-5.0.1/lib/rails/templates/rails/welcome/index.html.erb
  Rendered C:/RailsInstaller/Ruby2.2.0/lib/ruby/gems/2.2.0/gems/railties-5.0.1/lib/rails/templates/rails/welcome/index.html.erb (21.0ms)
Completed 200 OK in 426ms (Views: 238.6ms | ActiveRecord: 0.0ms)


Started GET "/favicon.ico" for ::1 at 2017-01-19 12:38:47 -0300
  
ActionController::RoutingError (No route matches [GET] "/favicon.ico"):
  
actionpack (5.0.1) lib/action_dispatch/middleware/debug_exceptions.rb:53:in `call'
actionpack (5.0.1) lib/action_dispatch/middleware/show_exceptions.rb:31:in `call'
railties (5.0.1) lib/rails/rack/logger.rb:36:in `call_app'
railties (5.0.1) lib/rails/rack/logger.rb:24:in `block in call'
activesupport (5.0.1) lib/active_support/tagged_logging.rb:69:in `block in tagged'
activesupport (5.0.1) lib/active_support/tagged_logging.rb:26:in `tagged'
activesupport (5.0.1) lib/active_support/tagged_logging.rb:69:in `tagged'
railties (5.0.1) lib/rails/rack/logger.rb:24:in `call'
actionpack (5.0.1) lib/action_dispatch/middleware/request_id.rb:24:in `call'
rack (2.0.1) lib/rack/runtime.rb:22:in `call'
activesupport (5.0.1) lib/active_support/cache/strategy/local_cache_middleware.rb:28:in `call'
actionpack (5.0.1) lib/action_dispatch/middleware/executor.rb:12:in `call'
actionpack (5.0.1) lib/action_dispatch/middleware/static.rb:136:in `call'
rack (2.0.1) lib/rack/sendfile.rb:111:in `call'
railties (5.0.1) lib/rails/engine.rb:522:in `call'
puma (3.6.2) lib/puma/configuration.rb:225:in `call'
puma (3.6.2) lib/puma/server.rb:578:in `handle_request'
puma (3.6.2) lib/puma/server.rb:415:in `process_client'
puma (3.6.2) lib/puma/server.rb:275:in `block in run'
puma (3.6.2) lib/puma/thread_pool.rb:116:in `call'
puma (3.6.2) lib/puma/thread_pool.rb:116:in `block in spawn_thread'
Started GET "/productos" for ::1 at 2017-01-19 12:38:51 -0300
Processing by ProductosController#index as HTML
  [1m[36mProducto Load (2.0ms)[0m  [1m[34mSELECT "productos".* FROM "productos"[0m
Completed 200 OK in 44ms (Views: 3.5ms | ActiveRecord: 5.0ms)


Started GET "/productos" for ::1 at 2017-01-19 12:55:13 -0300
  [1m[36mActiveRecord::SchemaMigration Load (1.0ms)[0m  [1m[34mSELECT "schema_migrations".* FROM "schema_migrations"[0m
Processing by ProductosController#index as HTML
  [1m[36mProducto Load (1.0ms)[0m  [1m[34mSELECT "productos".* FROM "productos"[0m
Completed 200 OK in 22ms (Views: 3.3ms | ActiveRecord: 3.0ms)


Started GET "/productos" for ::1 at 2017-01-19 13:09:30 -0300
  [1m[36mActiveRecord::SchemaMigration Load (0.0ms)[0m  [1m[34mSELECT "schema_migrations".* FROM "schema_migrations"[0m
Processing by ProductosController#index as HTML
  [1m[36mProducto Load (0.0ms)[0m  [1m[34mSELECT "productos".* FROM "productos"[0m
No serializer found for resource: {"id"=>1, "nombre"=>"item", "tipo"=>"Producto", "imagen"=>"C:\\Users\\alexa\\Downloads\\robert-downey-jr-meme-eyes_thumb.jpg", "codigo"=>1, "created_at"=>Mon, 16 Jan 2017 20:09:16 UTC +00:00, "updated_at"=>Mon, 16 Jan 2017 20:09:16 UTC +00:00}
[active_model_serializers] Rendered ActiveModel::Serializer::CollectionSerializer with Array (3.0ms)
Completed 200 OK in 38ms (Views: 21.1ms | ActiveRecord: 1.0ms)


Started GET "/productos" for ::1 at 2017-01-19 13:11:36 -0300
Processing by ProductosController#index as HTML
  [1m[36mProducto Load (2.0ms)[0m  [1m[34mSELECT "productos".* FROM "productos"[0m
No serializer found for resource: {"id"=>1, "nombre"=>"item", "tipo"=>"Producto", "imagen"=>"C:\\Users\\alexa\\Downloads\\robert-downey-jr-meme-eyes_thumb.jpg", "codigo"=>1, "created_at"=>Mon, 16 Jan 2017 20:09:16 UTC +00:00, "updated_at"=>Mon, 16 Jan 2017 20:09:16 UTC +00:00}
[active_model_serializers] Rendered ActiveModel::Serializer::CollectionSerializer with Array (2.0ms)
Completed 200 OK in 8ms (Views: 2.9ms | ActiveRecord: 2.0ms)


Started GET "/productos" for ::1 at 2017-01-19 13:17:31 -0300
  [1m[36mActiveRecord::SchemaMigration Load (1.0ms)[0m  [1m[34mSELECT "schema_migrations".* FROM "schema_migrations"[0m
Processing by ProductosController#index as HTML
  [1m[36mProducto Load (0.0ms)[0m  [1m[34mSELECT "productos".* FROM "productos"[0m
No serializer found for resource: {"producto"=>{"id"=>1, "nombre"=>"item", "tipo"=>"Producto", "imagen"=>"C:\\Users\\alexa\\Downloads\\robert-downey-jr-meme-eyes_thumb.jpg", "codigo"=>1}}
[active_model_serializers] Rendered ActiveModel::Serializer::CollectionSerializer with Array (0.0ms)
Completed 200 OK in 37ms (Views: 18.7ms | ActiveRecord: 3.0ms)


Started GET "/" for ::1 at 2017-01-19 15:41:56 -0300
Processing by Rails::WelcomeController#index as HTML
  Parameters: {"internal"=>true}
  Rendering C:/RailsInstaller/Ruby2.2.0/lib/ruby/gems/2.2.0/gems/railties-5.0.1/lib/rails/templates/rails/welcome/index.html.erb
  Rendered C:/RailsInstaller/Ruby2.2.0/lib/ruby/gems/2.2.0/gems/railties-5.0.1/lib/rails/templates/rails/welcome/index.html.erb (15.0ms)
Completed 200 OK in 342ms (Views: 159.0ms | ActiveRecord: 0.0ms)


Started GET "/favicon.ico" for ::1 at 2017-01-19 15:41:57 -0300
  
ActionController::RoutingError (No route matches [GET] "/favicon.ico"):
  
actionpack (5.0.1) lib/action_dispatch/middleware/debug_exceptions.rb:53:in `call'
actionpack (5.0.1) lib/action_dispatch/middleware/show_exceptions.rb:31:in `call'
railties (5.0.1) lib/rails/rack/logger.rb:36:in `call_app'
railties (5.0.1) lib/rails/rack/logger.rb:24:in `block in call'
activesupport (5.0.1) lib/active_support/tagged_logging.rb:69:in `block in tagged'
activesupport (5.0.1) lib/active_support/tagged_logging.rb:26:in `tagged'
activesupport (5.0.1) lib/active_support/tagged_logging.rb:69:in `tagged'
railties (5.0.1) lib/rails/rack/logger.rb:24:in `call'
actionpack (5.0.1) lib/action_dispatch/middleware/request_id.rb:24:in `call'
rack (2.0.1) lib/rack/runtime.rb:22:in `call'
activesupport (5.0.1) lib/active_support/cache/strategy/local_cache_middleware.rb:28:in `call'
actionpack (5.0.1) lib/action_dispatch/middleware/executor.rb:12:in `call'
actionpack (5.0.1) lib/action_dispatch/middleware/static.rb:136:in `call'
rack (2.0.1) lib/rack/sendfile.rb:111:in `call'
railties (5.0.1) lib/rails/engine.rb:522:in `call'
puma (3.6.2) lib/puma/configuration.rb:225:in `call'
puma (3.6.2) lib/puma/server.rb:578:in `handle_request'
puma (3.6.2) lib/puma/server.rb:415:in `process_client'
puma (3.6.2) lib/puma/server.rb:275:in `block in run'
puma (3.6.2) lib/puma/thread_pool.rb:116:in `call'
puma (3.6.2) lib/puma/thread_pool.rb:116:in `block in spawn_thread'
Started GET "/productos" for ::1 at 2017-01-19 15:42:02 -0300
Processing by ProductosController#index as HTML
  [1m[36mProducto Load (2.0ms)[0m  [1m[34mSELECT "productos".* FROM "productos"[0m
No serializer found for resource: {"producto"=>{"id"=>1, "nombre"=>"item", "tipo"=>"Producto", "imagen"=>"C:\\Users\\alexa\\Downloads\\robert-downey-jr-meme-eyes_thumb.jpg", "codigo"=>1}}
[active_model_serializers] Rendered ActiveModel::Serializer::CollectionSerializer with Array (1.0ms)
Completed 200 OK in 13ms (Views: 3.6ms | ActiveRecord: 2.0ms)


Started GET "/productos.json" for ::1 at 2017-01-19 15:50:48 -0300
Processing by ProductosController#index as JSON
  [1m[36mProducto Load (1.0ms)[0m  [1m[34mSELECT "productos".* FROM "productos"[0m
No serializer found for resource: {"producto"=>{"id"=>1, "nombre"=>"item", "tipo"=>"Producto", "imagen"=>"C:\\Users\\alexa\\Downloads\\robert-downey-jr-meme-eyes_thumb.jpg", "codigo"=>1}}
[active_model_serializers] Rendered ActiveModel::Serializer::CollectionSerializer with Array (1.02ms)
Completed 200 OK in 5ms (Views: 1.9ms | ActiveRecord: 1.0ms)


Started GET "/" for ::1 at 2017-01-19 17:10:08 -0300
  [1m[36mActiveRecord::SchemaMigration Load (1.0ms)[0m  [1m[34mSELECT "schema_migrations".* FROM "schema_migrations"[0m
Processing by Rails::WelcomeController#index as HTML
  Parameters: {"internal"=>true}
  Rendering C:/RailsInstaller/Ruby2.2.0/lib/ruby/gems/2.2.0/gems/railties-5.0.1/lib/rails/templates/rails/welcome/index.html.erb
  Rendered C:/RailsInstaller/Ruby2.2.0/lib/ruby/gems/2.2.0/gems/railties-5.0.1/lib/rails/templates/rails/welcome/index.html.erb (17.0ms)
Completed 200 OK in 281ms (Views: 158.8ms | ActiveRecord: 0.0ms)


Started GET "/productos" for ::1 at 2017-01-19 17:10:12 -0300
Processing by ProductosController#index as HTML
  [1m[36mProducto Load (0.0ms)[0m  [1m[34mSELECT "productos".* FROM "productos"[0m
No serializer found for resource: {"producto"=>{"id"=>1, "nombre"=>"item", "tipo"=>"Producto", "imagen"=>"C:\\Users\\alexa\\Downloads\\robert-downey-jr-meme-eyes_thumb.jpg", "codigo"=>1}}
[active_model_serializers] Rendered ActiveModel::Serializer::CollectionSerializer with Array (2.0ms)
Completed 200 OK in 65ms (Views: 30.2ms | ActiveRecord: 2.0ms)


Started GET "/productos" for ::1 at 2017-01-19 17:10:45 -0300
Started GET "/productos" for ::1 at 2017-01-19 17:10:55 -0300
Processing by ProductosController#index as HTML
  [1m[36mProducto Load (2.0ms)[0m  [1m[34mSELECT "productos".* FROM "productos"[0m
[active_model_serializers] Rendered ActiveModel::Serializer::CollectionSerializer with ActiveModelSerializers::Adapter::Attributes (1.0ms)
Completed 200 OK in 88ms (Views: 75.4ms | ActiveRecord: 4.0ms)


Processing by ProductosController#index as HTML
  [1m[36mProducto Load (0.5ms)[0m  [1m[34mSELECT "productos".* FROM "productos"[0m
[active_model_serializers] Rendered ActiveModel::Serializer::CollectionSerializer with ActiveModelSerializers::Adapter::Attributes (1.0ms)
Completed 200 OK in 24ms (Views: 13.3ms | ActiveRecord: 2.0ms)


Started GET "/productos" for ::1 at 2017-01-19 17:15:18 -0300
  [1m[36mActiveRecord::SchemaMigration Load (0.5ms)[0m  [1m[34mSELECT "schema_migrations".* FROM "schema_migrations"[0m
Processing by ProductosController#index as HTML
  [1m[36mProducto Load (0.5ms)[0m  [1m[34mSELECT "productos".* FROM "productos"[0m
No serializer found for resource: {"producto"=>{"id"=>1, "nombre"=>"item", "tipo"=>"Producto", "imagen"=>"C:\\Users\\alexa\\Downloads\\robert-downey-jr-meme-eyes_thumb.jpg", "codigo"=>1}}
[active_model_serializers] Rendered ActiveModel::Serializer::CollectionSerializer with Array (1.52ms)
Completed 200 OK in 52ms (Views: 23.7ms | ActiveRecord: 2.5ms)


Started GET "/productos" for ::1 at 2017-01-19 17:15:39 -0300
Processing by ProductosController#index as HTML
  [1m[36mProducto Load (1.0ms)[0m  [1m[34mSELECT "productos".* FROM "productos"[0m
[active_model_serializers] Rendered ActiveModel::Serializer::CollectionSerializer with ActiveModelSerializers::Adapter::Attributes (1.0ms)
Completed 200 OK in 67ms (Views: 53.2ms | ActiveRecord: 4.0ms)


Started GET "/productos" for ::1 at 2017-01-19 17:16:28 -0300
Processing by ProductosController#index as HTML
  [1m[36mProducto Load (0.0ms)[0m  [1m[34mSELECT "productos".* FROM "productos"[0m
No serializer found for resource: {"producto"=>{"id"=>1, "nombre"=>"item", "tipo"=>"Producto", "imagen"=>"C:\\Users\\alexa\\Downloads\\robert-downey-jr-meme-eyes_thumb.jpg", "codigo"=>1}}
[active_model_serializers] Rendered ActiveModel::Serializer::CollectionSerializer with Array (1.0ms)
Completed 200 OK in 34ms (Views: 13.6ms | ActiveRecord: 3.0ms)


Started GET "/productos" for ::1 at 2017-01-19 17:17:07 -0300
  [1m[36mActiveRecord::SchemaMigration Load (0.5ms)[0m  [1m[34mSELECT "schema_migrations".* FROM "schema_migrations"[0m
Processing by ProductosController#index as HTML
  [1m[36mProducto Load (0.0ms)[0m  [1m[34mSELECT "productos".* FROM "productos"[0m
No serializer found for resource: {"producto"=>{"id"=>1, "nombre"=>"item", "tipo"=>"Producto", "imagen"=>"C:\\Users\\alexa\\Downloads\\robert-downey-jr-meme-eyes_thumb.jpg", "codigo"=>1}}
[active_model_serializers] Rendered ActiveModel::Serializer::CollectionSerializer with Array (2.0ms)
Completed 200 OK in 49ms (Views: 25.5ms | ActiveRecord: 1.0ms)


Started GET "/productos" for ::1 at 2017-01-19 17:20:35 -0300
  [1m[36mActiveRecord::SchemaMigration Load (0.0ms)[0m  [1m[34mSELECT "schema_migrations".* FROM "schema_migrations"[0m
Processing by ProductosController#index as HTML
  [1m[36mProducto Load (1.0ms)[0m  [1m[34mSELECT "productos".* FROM "productos"[0m
No serializer found for resource: {"producto"=>{"id"=>1, "nombre"=>"item", "tipo"=>"Producto", "imagen"=>"C:\\Users\\alexa\\Downloads\\robert-downey-jr-meme-eyes_thumb.jpg", "codigo"=>1}}
[active_model_serializers] Rendered ActiveModel::Serializer::CollectionSerializer with Array (1.0ms)
Completed 200 OK in 58ms (Views: 27.0ms | ActiveRecord: 5.0ms)


Started GET "/productos.json" for ::1 at 2017-01-19 17:22:03 -0300
Processing by ProductosController#index as JSON
  [1m[36mProducto Load (1.5ms)[0m  [1m[34mSELECT "productos".* FROM "productos"[0m
No serializer found for resource: {"producto"=>{"id"=>1, "nombre"=>"item", "tipo"=>"Producto", "imagen"=>"C:\\Users\\alexa\\Downloads\\robert-downey-jr-meme-eyes_thumb.jpg", "codigo"=>1}}
[active_model_serializers] Rendered ActiveModel::Serializer::CollectionSerializer with Array (2.5ms)
Completed 200 OK in 11ms (Views: 3.6ms | ActiveRecord: 1.5ms)


Started GET "/productos.json" for ::1 at 2017-01-19 17:23:11 -0300
  [1m[36mActiveRecord::SchemaMigration Load (1.0ms)[0m  [1m[34mSELECT "schema_migrations".* FROM "schema_migrations"[0m
Processing by ProductosController#index as JSON
  [1m[36mProducto Load (0.0ms)[0m  [1m[34mSELECT "productos".* FROM "productos"[0m
No serializer found for resource: {"producto"=>{"id"=>1, "nombre"=>"item", "tipo"=>"Producto", "imagen"=>"C:\\Users\\alexa\\Downloads\\robert-downey-jr-meme-eyes_thumb.jpg", "codigo"=>1}}
[active_model_serializers] Rendered ActiveModel::Serializer::CollectionSerializer with Array (2.0ms)
Completed 200 OK in 51ms (Views: 24.3ms | ActiveRecord: 0.0ms)


Started GET "/productos.json" for ::1 at 2017-01-19 17:23:43 -0300
  [1m[36mActiveRecord::SchemaMigration Load (0.0ms)[0m  [1m[34mSELECT "schema_migrations".* FROM "schema_migrations"[0m
Processing by ProductosController#index as JSON
  [1m[36mProducto Load (1.0ms)[0m  [1m[34mSELECT "productos".* FROM "productos"[0m
No serializer found for resource: {"producto"=>{"id"=>1, "nombre"=>"item", "tipo"=>"Producto", "imagen"=>"C:\\Users\\alexa\\Downloads\\robert-downey-jr-meme-eyes_thumb.jpg", "codigo"=>1}}
[active_model_serializers] Rendered ActiveModel::Serializer::CollectionSerializer with Array (2.0ms)
Completed 200 OK in 57ms (Views: 27.9ms | ActiveRecord: 4.0ms)


Started GET "/productos.json" for ::1 at 2017-01-19 17:23:50 -0300
Processing by ProductosController#index as JSON
  [1m[36mProducto Load (1.0ms)[0m  [1m[34mSELECT "productos".* FROM "productos"[0m
No serializer found for resource: {"producto"=>{"id"=>1, "nombre"=>"item", "tipo"=>"Producto", "imagen"=>"C:\\Users\\alexa\\Downloads\\robert-downey-jr-meme-eyes_thumb.jpg", "codigo"=>1}}
[active_model_serializers] Rendered ActiveModel::Serializer::CollectionSerializer with Array (2.5ms)
Completed 200 OK in 11ms (Views: 3.9ms | ActiveRecord: 1.0ms)


Started GET "/productos.json" for ::1 at 2017-01-19 17:29:26 -0300
  [1m[36mActiveRecord::SchemaMigration Load (0.0ms)[0m  [1m[34mSELECT "schema_migrations".* FROM "schema_migrations"[0m
Processing by ProductosController#index as JSON
  [1m[36mProducto Load (1.0ms)[0m  [1m[34mSELECT "productos".* FROM "productos"[0m
No serializer found for resource: {"producto"=>{"id"=>1, "nombre"=>"item", "tipo"=>"Producto", "imagen"=>"C:\\Users\\alexa\\Downloads\\robert-downey-jr-meme-eyes_thumb.jpg", "codigo"=>1}}
[active_model_serializers] Rendered ActiveModel::Serializer::CollectionSerializer with Array (2.0ms)
Completed 200 OK in 50ms (Views: 24.1ms | ActiveRecord: 4.0ms)


Started GET "/productos" for ::1 at 2017-01-19 17:33:02 -0300
  [1m[36mActiveRecord::SchemaMigration Load (2.0ms)[0m  [1m[34mSELECT "schema_migrations".* FROM "schema_migrations"[0m
Processing by ProductosController#index as HTML
  [1m[36mProducto Load (1.0ms)[0m  [1m[34mSELECT "productos".* FROM "productos"[0m
No serializer found for resource: {"producto"=>{"id"=>1, "nombre"=>"item", "tipo"=>"Producto", "imagen"=>"C:\\Users\\alexa\\Downloads\\robert-downey-jr-meme-eyes_thumb.jpg", "codigo"=>1}}
[active_model_serializers] Rendered ActiveModel::Serializer::CollectionSerializer with Array (1.5ms)
Completed 200 OK in 51ms (Views: 23.2ms | ActiveRecord: 1.5ms)


Started GET "/productos" for ::1 at 2017-01-19 17:39:18 -0300
Processing by ProductosController#index as HTML
  [1m[36mProducto Load (1.0ms)[0m  [1m[34mSELECT "productos".* FROM "productos"[0m
[active_model_serializers] Rendered ActiveModel::Serializer::CollectionSerializer with ActiveModelSerializers::Adapter::JsonApi (40.03ms)
Completed 200 OK in 124ms (Views: 105.0ms | ActiveRecord: 3.0ms)


Started GET "/productos" for ::1 at 2017-01-19 21:06:52 -0300
  [1m[36mActiveRecord::SchemaMigration Load (0.0ms)[0m  [1m[34mSELECT "schema_migrations".* FROM "schema_migrations"[0m
Processing by ProductosController#index as HTML
[active_model_serializers]   [1m[36mProducto Load (1.0ms)[0m  [1m[34mSELECT "productos".* FROM "productos"[0m
[active_model_serializers] Rendered ActiveModel::Serializer::Null with Hash (18.01ms)
Completed 200 OK in 49ms (Views: 36.1ms | ActiveRecord: 3.0ms)


Started GET "/favicon.ico" for ::1 at 2017-01-19 21:06:53 -0300
  
ActionController::RoutingError (No route matches [GET] "/favicon.ico"):
  
actionpack (5.0.1) lib/action_dispatch/middleware/debug_exceptions.rb:53:in `call'
actionpack (5.0.1) lib/action_dispatch/middleware/show_exceptions.rb:31:in `call'
railties (5.0.1) lib/rails/rack/logger.rb:36:in `call_app'
railties (5.0.1) lib/rails/rack/logger.rb:24:in `block in call'
activesupport (5.0.1) lib/active_support/tagged_logging.rb:69:in `block in tagged'
activesupport (5.0.1) lib/active_support/tagged_logging.rb:26:in `tagged'
activesupport (5.0.1) lib/active_support/tagged_logging.rb:69:in `tagged'
railties (5.0.1) lib/rails/rack/logger.rb:24:in `call'
actionpack (5.0.1) lib/action_dispatch/middleware/request_id.rb:24:in `call'
rack (2.0.1) lib/rack/runtime.rb:22:in `call'
activesupport (5.0.1) lib/active_support/cache/strategy/local_cache_middleware.rb:28:in `call'
actionpack (5.0.1) lib/action_dispatch/middleware/executor.rb:12:in `call'
actionpack (5.0.1) lib/action_dispatch/middleware/static.rb:136:in `call'
rack (2.0.1) lib/rack/sendfile.rb:111:in `call'
railties (5.0.1) lib/rails/engine.rb:522:in `call'
puma (3.6.2) lib/puma/configuration.rb:225:in `call'
puma (3.6.2) lib/puma/server.rb:578:in `handle_request'
puma (3.6.2) lib/puma/server.rb:415:in `process_client'
puma (3.6.2) lib/puma/server.rb:275:in `block in run'
puma (3.6.2) lib/puma/thread_pool.rb:116:in `call'
puma (3.6.2) lib/puma/thread_pool.rb:116:in `block in spawn_thread'
Started GET "/productos" for ::1 at 2017-01-19 21:32:48 -0300
  [1m[36mActiveRecord::SchemaMigration Load (0.5ms)[0m  [1m[34mSELECT "schema_migrations".* FROM "schema_migrations"[0m
Processing by ProductosController#index as HTML
[active_model_serializers]   [1m[36mProducto Load (0.5ms)[0m  [1m[34mSELECT "productos".* FROM "productos"[0m
[active_model_serializers] Rendered ActiveModel::Serializer::Null with Hash (45.53ms)
Completed 200 OK in 142ms (Views: 104.0ms | ActiveRecord: 5.5ms)


Started GET "/favicon.ico" for ::1 at 2017-01-19 21:32:52 -0300
  
ActionController::RoutingError (No route matches [GET] "/favicon.ico"):
  
actionpack (5.0.1) lib/action_dispatch/middleware/debug_exceptions.rb:53:in `call'
actionpack (5.0.1) lib/action_dispatch/middleware/show_exceptions.rb:31:in `call'
railties (5.0.1) lib/rails/rack/logger.rb:36:in `call_app'
railties (5.0.1) lib/rails/rack/logger.rb:24:in `block in call'
activesupport (5.0.1) lib/active_support/tagged_logging.rb:69:in `block in tagged'
activesupport (5.0.1) lib/active_support/tagged_logging.rb:26:in `tagged'
activesupport (5.0.1) lib/active_support/tagged_logging.rb:69:in `tagged'
railties (5.0.1) lib/rails/rack/logger.rb:24:in `call'
actionpack (5.0.1) lib/action_dispatch/middleware/request_id.rb:24:in `call'
rack (2.0.1) lib/rack/runtime.rb:22:in `call'
activesupport (5.0.1) lib/active_support/cache/strategy/local_cache_middleware.rb:28:in `call'
actionpack (5.0.1) lib/action_dispatch/middleware/executor.rb:12:in `call'
actionpack (5.0.1) lib/action_dispatch/middleware/static.rb:136:in `call'
rack (2.0.1) lib/rack/sendfile.rb:111:in `call'
railties (5.0.1) lib/rails/engine.rb:522:in `call'
puma (3.6.2) lib/puma/configuration.rb:225:in `call'
puma (3.6.2) lib/puma/server.rb:578:in `handle_request'
puma (3.6.2) lib/puma/server.rb:415:in `process_client'
puma (3.6.2) lib/puma/server.rb:275:in `block in run'
puma (3.6.2) lib/puma/thread_pool.rb:116:in `call'
puma (3.6.2) lib/puma/thread_pool.rb:116:in `block in spawn_thread'
Started GET "/productos" for ::1 at 2017-01-19 21:33:32 -0300
Processing by ProductosController#index as HTML
[active_model_serializers]   [1m[36mProducto Load (0.0ms)[0m  [1m[34mSELECT "productos".* FROM "productos"[0m
[active_model_serializers] Rendered ActiveModel::Serializer::Null with Hash (14.99ms)
Completed 200 OK in 35ms (Views: 24.9ms | ActiveRecord: 2.0ms)


Started GET "/productos" for ::1 at 2017-01-19 21:36:22 -0300
  [1m[36mActiveRecord::SchemaMigration Load (0.5ms)[0m  [1m[34mSELECT "schema_migrations".* FROM "schema_migrations"[0m
Processing by ProductosController#index as HTML
[active_model_serializers]   [1m[36mProducto Load (1.0ms)[0m  [1m[34mSELECT "productos".* FROM "productos"[0m
[active_model_serializers] Rendered ActiveModel::Serializer::Null with Hash (33.02ms)
Completed 200 OK in 86ms (Views: 65.1ms | ActiveRecord: 4.0ms)


Started GET "/productos" for ::1 at 2017-01-19 21:46:37 -0300
  [1m[36mActiveRecord::SchemaMigration Load (0.5ms)[0m  [1m[34mSELECT "schema_migrations".* FROM "schema_migrations"[0m
Processing by ProductosController#index as HTML
[active_model_serializers]   [1m[36mProducto Load (1.0ms)[0m  [1m[34mSELECT "productos".* FROM "productos"[0m
[active_model_serializers] Rendered ActiveModel::Serializer::Null with Hash (22.53ms)
Completed 200 OK in 57ms (Views: 42.3ms | ActiveRecord: 3.0ms)


Started GET "/productos" for ::1 at 2017-01-19 21:54:33 -0300
Processing by ProductosController#index as HTML
[active_model_serializers]   [1m[36mProducto Load (2.5ms)[0m  [1m[34mSELECT "productos".* FROM "productos"[0m
[active_model_serializers] Rendered ActiveModel::Serializer::Null with Hash (14.01ms)
Completed 200 OK in 17ms (Views: 13.2ms | ActiveRecord: 2.5ms)


Started GET "/productos" for ::1 at 2017-01-19 21:56:37 -0300
  [1m[36mActiveRecord::SchemaMigration Load (1.0ms)[0m  [1m[34mSELECT "schema_migrations".* FROM "schema_migrations"[0m
Processing by ProductosController#index as HTML
[active_model_serializers]   [1m[36mProducto Load (0.0ms)[0m  [1m[34mSELECT "productos".* FROM "productos"[0m
[active_model_serializers] Rendered ActiveModel::Serializer::Null with Hash (16.86ms)
Completed 200 OK in 45ms (Views: 31.7ms | ActiveRecord: 2.0ms)


Started GET "/productos" for ::1 at 2017-01-19 21:57:21 -0300
Processing by ProductosController#index as HTML
[active_model_serializers]   [1m[36mProducto Load (2.0ms)[0m  [1m[34mSELECT "productos".* FROM "productos"[0m
[active_model_serializers] Rendered ActiveModel::Serializer::Null with Hash (8.0ms)
Completed 200 OK in 9ms (Views: 6.5ms | ActiveRecord: 2.0ms)


Started GET "/productos" for ::1 at 2017-01-19 21:59:04 -0300
Processing by ProductosController#index as HTML
[active_model_serializers]   [1m[36mProducto Load (0.5ms)[0m  [1m[34mSELECT "productos".* FROM "productos"[0m
[active_model_serializers] Rendered ActiveModel::Serializer::Null with Hash (8.47ms)
Completed 200 OK in 10ms (Views: 9.1ms | ActiveRecord: 0.5ms)


Started GET "/productos" for ::1 at 2017-01-19 21:59:51 -0300
  [1m[36mActiveRecord::SchemaMigration Load (0.0ms)[0m  [1m[34mSELECT "schema_migrations".* FROM "schema_migrations"[0m
Processing by ProductosController#index as HTML
[active_model_serializers]   [1m[36mProducto Load (0.0ms)[0m  [1m[34mSELECT "productos".* FROM "productos"[0m
[active_model_serializers] Rendered ActiveModel::Serializer::Null with Hash (17.01ms)
Completed 200 OK in 46ms (Views: 33.7ms | ActiveRecord: 3.0ms)


Started GET "/productos" for ::1 at 2017-01-19 22:06:21 -0300
Processing by ProductosController#index as HTML
[active_model_serializers]   [1m[36mProducto Load (1.0ms)[0m  [1m[34mSELECT "productos".* FROM "productos"[0m
[active_model_serializers] Rendered ActiveModel::Serializer::Null with Hash (17.01ms)
Completed 200 OK in 54ms (Views: 34.0ms | ActiveRecord: 4.0ms)


Started GET "/productos" for ::1 at 2017-01-19 22:07:05 -0300
Processing by ProductosController#index as HTML
[active_model_serializers]   [1m[36mProducto Load (1.5ms)[0m  [1m[34mSELECT "productos".* FROM "productos"[0m
[active_model_serializers] Rendered ActiveModel::Serializer::Null with Hash (18.51ms)
Completed 200 OK in 53ms (Views: 31.2ms | ActiveRecord: 4.5ms)


Started GET "/productos" for ::1 at 2017-01-19 22:44:23 -0300
  [1m[36mActiveRecord::SchemaMigration Load (1.0ms)[0m  [1m[34mSELECT "schema_migrations".* FROM "schema_migrations"[0m
Processing by ProductosController#index as HTML
[active_model_serializers]   [1m[36mProducto Load (0.0ms)[0m  [1m[34mSELECT "productos".* FROM "productos"[0m
[active_model_serializers] Rendered ActiveModel::Serializer::Null with Hash (16.08ms)
Completed 200 OK in 45ms (Views: 34.5ms | ActiveRecord: 2.0ms)


Started GET "/" for ::1 at 2017-01-19 22:44:33 -0300
Processing by ProductosController#index as HTML
[active_model_serializers]   [1m[36mProducto Load (1.0ms)[0m  [1m[34mSELECT "productos".* FROM "productos"[0m
[active_model_serializers] Rendered ActiveModel::Serializer::Null with Hash (7.0ms)
Completed 200 OK in 8ms (Views: 6.7ms | ActiveRecord: 1.0ms)


Started GET "/" for ::1 at 2017-01-20 15:08:42 -0300
  [1m[36mActiveRecord::SchemaMigration Load (0.0ms)[0m  [1m[34mSELECT "schema_migrations".* FROM "schema_migrations"[0m
Processing by ProductosController#index as HTML
[active_model_serializers]   [1m[36mProducto Load (0.0ms)[0m  [1m[34mSELECT "productos".* FROM "productos"[0m
[active_model_serializers] Rendered ActiveModel::Serializer::Null with Hash (17.03ms)
Completed 200 OK in 55ms (Views: 36.5ms | ActiveRecord: 2.0ms)


Started GET "/favicon.ico" for ::1 at 2017-01-20 15:08:44 -0300
  
ActionController::RoutingError (No route matches [GET] "/favicon.ico"):
  
actionpack (5.0.1) lib/action_dispatch/middleware/debug_exceptions.rb:53:in `call'
actionpack (5.0.1) lib/action_dispatch/middleware/show_exceptions.rb:31:in `call'
railties (5.0.1) lib/rails/rack/logger.rb:36:in `call_app'
railties (5.0.1) lib/rails/rack/logger.rb:24:in `block in call'
activesupport (5.0.1) lib/active_support/tagged_logging.rb:69:in `block in tagged'
activesupport (5.0.1) lib/active_support/tagged_logging.rb:26:in `tagged'
activesupport (5.0.1) lib/active_support/tagged_logging.rb:69:in `tagged'
railties (5.0.1) lib/rails/rack/logger.rb:24:in `call'
actionpack (5.0.1) lib/action_dispatch/middleware/request_id.rb:24:in `call'
rack (2.0.1) lib/rack/runtime.rb:22:in `call'
activesupport (5.0.1) lib/active_support/cache/strategy/local_cache_middleware.rb:28:in `call'
actionpack (5.0.1) lib/action_dispatch/middleware/executor.rb:12:in `call'
actionpack (5.0.1) lib/action_dispatch/middleware/static.rb:136:in `call'
rack (2.0.1) lib/rack/sendfile.rb:111:in `call'
railties (5.0.1) lib/rails/engine.rb:522:in `call'
puma (3.6.2) lib/puma/configuration.rb:225:in `call'
puma (3.6.2) lib/puma/server.rb:578:in `handle_request'
puma (3.6.2) lib/puma/server.rb:415:in `process_client'
puma (3.6.2) lib/puma/server.rb:275:in `block in run'
puma (3.6.2) lib/puma/thread_pool.rb:116:in `call'
puma (3.6.2) lib/puma/thread_pool.rb:116:in `block in spawn_thread'
Started GET "/v1/productos" for ::1 at 2017-01-20 15:08:51 -0300
  
ActionController::RoutingError (uninitialized constant V1):
  
activesupport (5.0.1) lib/active_support/inflector/methods.rb:268:in `const_get'
activesupport (5.0.1) lib/active_support/inflector/methods.rb:268:in `block in constantize'
activesupport (5.0.1) lib/active_support/inflector/methods.rb:266:in `each'
activesupport (5.0.1) lib/active_support/inflector/methods.rb:266:in `inject'
activesupport (5.0.1) lib/active_support/inflector/methods.rb:266:in `constantize'
actionpack (5.0.1) lib/action_dispatch/http/request.rb:81:in `controller_class'
actionpack (5.0.1) lib/action_dispatch/routing/route_set.rb:44:in `controller'
actionpack (5.0.1) lib/action_dispatch/routing/route_set.rb:30:in `serve'
actionpack (5.0.1) lib/action_dispatch/journey/router.rb:39:in `block in serve'
actionpack (5.0.1) lib/action_dispatch/journey/router.rb:26:in `each'
actionpack (5.0.1) lib/action_dispatch/journey/router.rb:26:in `serve'
actionpack (5.0.1) lib/action_dispatch/routing/route_set.rb:725:in `call'
rack (2.0.1) lib/rack/etag.rb:25:in `call'
rack (2.0.1) lib/rack/conditional_get.rb:25:in `call'
rack (2.0.1) lib/rack/head.rb:12:in `call'
activerecord (5.0.1) lib/active_record/migration.rb:553:in `call'
actionpack (5.0.1) lib/action_dispatch/middleware/callbacks.rb:38:in `block in call'
activesupport (5.0.1) lib/active_support/callbacks.rb:97:in `__run_callbacks__'
activesupport (5.0.1) lib/active_support/callbacks.rb:750:in `_run_call_callbacks'
activesupport (5.0.1) lib/active_support/callbacks.rb:90:in `run_callbacks'
actionpack (5.0.1) lib/action_dispatch/middleware/callbacks.rb:36:in `call'
actionpack (5.0.1) lib/action_dispatch/middleware/executor.rb:12:in `call'
actionpack (5.0.1) lib/action_dispatch/middleware/remote_ip.rb:79:in `call'
actionpack (5.0.1) lib/action_dispatch/middleware/debug_exceptions.rb:49:in `call'
actionpack (5.0.1) lib/action_dispatch/middleware/show_exceptions.rb:31:in `call'
railties (5.0.1) lib/rails/rack/logger.rb:36:in `call_app'
railties (5.0.1) lib/rails/rack/logger.rb:24:in `block in call'
activesupport (5.0.1) lib/active_support/tagged_logging.rb:69:in `block in tagged'
activesupport (5.0.1) lib/active_support/tagged_logging.rb:26:in `tagged'
activesupport (5.0.1) lib/active_support/tagged_logging.rb:69:in `tagged'
railties (5.0.1) lib/rails/rack/logger.rb:24:in `call'
actionpack (5.0.1) lib/action_dispatch/middleware/request_id.rb:24:in `call'
rack (2.0.1) lib/rack/runtime.rb:22:in `call'
activesupport (5.0.1) lib/active_support/cache/strategy/local_cache_middleware.rb:28:in `call'
actionpack (5.0.1) lib/action_dispatch/middleware/executor.rb:12:in `call'
actionpack (5.0.1) lib/action_dispatch/middleware/static.rb:136:in `call'
rack (2.0.1) lib/rack/sendfile.rb:111:in `call'
railties (5.0.1) lib/rails/engine.rb:522:in `call'
puma (3.6.2) lib/puma/configuration.rb:225:in `call'
puma (3.6.2) lib/puma/server.rb:578:in `handle_request'
puma (3.6.2) lib/puma/server.rb:415:in `process_client'
puma (3.6.2) lib/puma/server.rb:275:in `block in run'
puma (3.6.2) lib/puma/thread_pool.rb:116:in `call'
puma (3.6.2) lib/puma/thread_pool.rb:116:in `block in spawn_thread'
Started GET "/v1/productos" for ::1 at 2017-01-20 15:10:48 -0300
  [1m[36mActiveRecord::SchemaMigration Load (0.0ms)[0m  [1m[34mSELECT "schema_migrations".* FROM "schema_migrations"[0m
  
ActionController::RoutingError (No route matches [GET] "/v1/productos"):
  
actionpack (5.0.1) lib/action_dispatch/middleware/debug_exceptions.rb:53:in `call'
actionpack (5.0.1) lib/action_dispatch/middleware/show_exceptions.rb:31:in `call'
railties (5.0.1) lib/rails/rack/logger.rb:36:in `call_app'
railties (5.0.1) lib/rails/rack/logger.rb:24:in `block in call'
activesupport (5.0.1) lib/active_support/tagged_logging.rb:69:in `block in tagged'
activesupport (5.0.1) lib/active_support/tagged_logging.rb:26:in `tagged'
activesupport (5.0.1) lib/active_support/tagged_logging.rb:69:in `tagged'
railties (5.0.1) lib/rails/rack/logger.rb:24:in `call'
actionpack (5.0.1) lib/action_dispatch/middleware/request_id.rb:24:in `call'
rack (2.0.1) lib/rack/runtime.rb:22:in `call'
activesupport (5.0.1) lib/active_support/cache/strategy/local_cache_middleware.rb:28:in `call'
actionpack (5.0.1) lib/action_dispatch/middleware/executor.rb:12:in `call'
actionpack (5.0.1) lib/action_dispatch/middleware/static.rb:136:in `call'
rack (2.0.1) lib/rack/sendfile.rb:111:in `call'
railties (5.0.1) lib/rails/engine.rb:522:in `call'
puma (3.6.2) lib/puma/configuration.rb:225:in `call'
puma (3.6.2) lib/puma/server.rb:578:in `handle_request'
puma (3.6.2) lib/puma/server.rb:415:in `process_client'
puma (3.6.2) lib/puma/server.rb:275:in `block in run'
puma (3.6.2) lib/puma/thread_pool.rb:116:in `call'
puma (3.6.2) lib/puma/thread_pool.rb:116:in `block in spawn_thread'
Started GET "/v1/productos" for ::1 at 2017-01-20 15:12:18 -0300
  [1m[36mActiveRecord::SchemaMigration Load (1.0ms)[0m  [1m[34mSELECT "schema_migrations".* FROM "schema_migrations"[0m
  
ActionController::RoutingError (No route matches [GET] "/v1/productos"):
  
actionpack (5.0.1) lib/action_dispatch/middleware/debug_exceptions.rb:53:in `call'
actionpack (5.0.1) lib/action_dispatch/middleware/show_exceptions.rb:31:in `call'
railties (5.0.1) lib/rails/rack/logger.rb:36:in `call_app'
railties (5.0.1) lib/rails/rack/logger.rb:24:in `block in call'
activesupport (5.0.1) lib/active_support/tagged_logging.rb:69:in `block in tagged'
activesupport (5.0.1) lib/active_support/tagged_logging.rb:26:in `tagged'
activesupport (5.0.1) lib/active_support/tagged_logging.rb:69:in `tagged'
railties (5.0.1) lib/rails/rack/logger.rb:24:in `call'
actionpack (5.0.1) lib/action_dispatch/middleware/request_id.rb:24:in `call'
rack (2.0.1) lib/rack/runtime.rb:22:in `call'
activesupport (5.0.1) lib/active_support/cache/strategy/local_cache_middleware.rb:28:in `call'
actionpack (5.0.1) lib/action_dispatch/middleware/executor.rb:12:in `call'
actionpack (5.0.1) lib/action_dispatch/middleware/static.rb:136:in `call'
rack (2.0.1) lib/rack/sendfile.rb:111:in `call'
railties (5.0.1) lib/rails/engine.rb:522:in `call'
puma (3.6.2) lib/puma/configuration.rb:225:in `call'
puma (3.6.2) lib/puma/server.rb:578:in `handle_request'
puma (3.6.2) lib/puma/server.rb:415:in `process_client'
puma (3.6.2) lib/puma/server.rb:275:in `block in run'
puma (3.6.2) lib/puma/thread_pool.rb:116:in `call'
puma (3.6.2) lib/puma/thread_pool.rb:116:in `block in spawn_thread'
Started GET "/" for ::1 at 2017-01-20 16:24:09 -0300
  [1m[36mActiveRecord::SchemaMigration Load (1.0ms)[0m  [1m[34mSELECT "schema_migrations".* FROM "schema_migrations"[0m
  
LoadError (Unable to autoload constant ApplicationController, expected C:/OpencoreMovil/TestCoreApi/app/controllers/application_controller.rb to define it):
  
app/controllers/productos_controller.rb:3:in `<module:V1>'
app/controllers/productos_controller.rb:2:in `<top (required)>'
Started GET "/v1/productos" for ::1 at 2017-01-20 16:24:24 -0300
  
ActionController::RoutingError (No route matches [GET] "/v1/productos"):
  
actionpack (5.0.1) lib/action_dispatch/middleware/debug_exceptions.rb:53:in `call'
actionpack (5.0.1) lib/action_dispatch/middleware/show_exceptions.rb:31:in `call'
railties (5.0.1) lib/rails/rack/logger.rb:36:in `call_app'
railties (5.0.1) lib/rails/rack/logger.rb:24:in `block in call'
activesupport (5.0.1) lib/active_support/tagged_logging.rb:69:in `block in tagged'
activesupport (5.0.1) lib/active_support/tagged_logging.rb:26:in `tagged'
activesupport (5.0.1) lib/active_support/tagged_logging.rb:69:in `tagged'
railties (5.0.1) lib/rails/rack/logger.rb:24:in `call'
actionpack (5.0.1) lib/action_dispatch/middleware/request_id.rb:24:in `call'
rack (2.0.1) lib/rack/runtime.rb:22:in `call'
activesupport (5.0.1) lib/active_support/cache/strategy/local_cache_middleware.rb:28:in `call'
actionpack (5.0.1) lib/action_dispatch/middleware/executor.rb:12:in `call'
actionpack (5.0.1) lib/action_dispatch/middleware/static.rb:136:in `call'
rack (2.0.1) lib/rack/sendfile.rb:111:in `call'
railties (5.0.1) lib/rails/engine.rb:522:in `call'
puma (3.6.2) lib/puma/configuration.rb:225:in `call'
puma (3.6.2) lib/puma/server.rb:578:in `handle_request'
puma (3.6.2) lib/puma/server.rb:415:in `process_client'
puma (3.6.2) lib/puma/server.rb:275:in `block in run'
puma (3.6.2) lib/puma/thread_pool.rb:116:in `call'
puma (3.6.2) lib/puma/thread_pool.rb:116:in `block in spawn_thread'
Started GET "/V1/productos" for ::1 at 2017-01-20 16:24:57 -0300
  
ActionController::RoutingError (No route matches [GET] "/V1/productos"):
  
actionpack (5.0.1) lib/action_dispatch/middleware/debug_exceptions.rb:53:in `call'
actionpack (5.0.1) lib/action_dispatch/middleware/show_exceptions.rb:31:in `call'
railties (5.0.1) lib/rails/rack/logger.rb:36:in `call_app'
railties (5.0.1) lib/rails/rack/logger.rb:24:in `block in call'
activesupport (5.0.1) lib/active_support/tagged_logging.rb:69:in `block in tagged'
activesupport (5.0.1) lib/active_support/tagged_logging.rb:26:in `tagged'
activesupport (5.0.1) lib/active_support/tagged_logging.rb:69:in `tagged'
railties (5.0.1) lib/rails/rack/logger.rb:24:in `call'
actionpack (5.0.1) lib/action_dispatch/middleware/request_id.rb:24:in `call'
rack (2.0.1) lib/rack/runtime.rb:22:in `call'
activesupport (5.0.1) lib/active_support/cache/strategy/local_cache_middleware.rb:28:in `call'
actionpack (5.0.1) lib/action_dispatch/middleware/executor.rb:12:in `call'
actionpack (5.0.1) lib/action_dispatch/middleware/static.rb:136:in `call'
rack (2.0.1) lib/rack/sendfile.rb:111:in `call'
railties (5.0.1) lib/rails/engine.rb:522:in `call'
puma (3.6.2) lib/puma/configuration.rb:225:in `call'
puma (3.6.2) lib/puma/server.rb:578:in `handle_request'
puma (3.6.2) lib/puma/server.rb:415:in `process_client'
puma (3.6.2) lib/puma/server.rb:275:in `block in run'
puma (3.6.2) lib/puma/thread_pool.rb:116:in `call'
puma (3.6.2) lib/puma/thread_pool.rb:116:in `block in spawn_thread'
Started GET "/V1/productos" for ::1 at 2017-01-20 16:25:37 -0300
  
ArgumentError ('api/V1/productos' is not a supported controller name. This can lead to potential routing problems. See http://guides.rubyonrails.org/routing.html#specifying-a-controller-to-use):
  
config/routes.rb:4:in `block (3 levels) in <top (required)>'
config/routes.rb:3:in `block (2 levels) in <top (required)>'
config/routes.rb:2:in `block in <top (required)>'
config/routes.rb:1:in `<top (required)>'
Started GET "/v1/productos" for ::1 at 2017-01-20 16:26:39 -0300
  
ArgumentError ('api/V1/productos' is not a supported controller name. This can lead to potential routing problems. See http://guides.rubyonrails.org/routing.html#specifying-a-controller-to-use):
  
config/routes.rb:4:in `block (3 levels) in <top (required)>'
config/routes.rb:3:in `block (2 levels) in <top (required)>'
config/routes.rb:2:in `block in <top (required)>'
config/routes.rb:1:in `<top (required)>'
Started GET "/v1/productos" for ::1 at 2017-01-20 16:51:42 -0300
  [1m[36mActiveRecord::SchemaMigration Load (0.5ms)[0m  [1m[34mSELECT "schema_migrations".* FROM "schema_migrations"[0m
  
ActionController::RoutingError (No route matches [GET] "/v1/productos"):
  
actionpack (5.0.1) lib/action_dispatch/middleware/debug_exceptions.rb:53:in `call'
actionpack (5.0.1) lib/action_dispatch/middleware/show_exceptions.rb:31:in `call'
railties (5.0.1) lib/rails/rack/logger.rb:36:in `call_app'
railties (5.0.1) lib/rails/rack/logger.rb:24:in `block in call'
activesupport (5.0.1) lib/active_support/tagged_logging.rb:69:in `block in tagged'
activesupport (5.0.1) lib/active_support/tagged_logging.rb:26:in `tagged'
activesupport (5.0.1) lib/active_support/tagged_logging.rb:69:in `tagged'
railties (5.0.1) lib/rails/rack/logger.rb:24:in `call'
actionpack (5.0.1) lib/action_dispatch/middleware/request_id.rb:24:in `call'
rack (2.0.1) lib/rack/runtime.rb:22:in `call'
activesupport (5.0.1) lib/active_support/cache/strategy/local_cache_middleware.rb:28:in `call'
actionpack (5.0.1) lib/action_dispatch/middleware/executor.rb:12:in `call'
actionpack (5.0.1) lib/action_dispatch/middleware/static.rb:136:in `call'
rack (2.0.1) lib/rack/sendfile.rb:111:in `call'
railties (5.0.1) lib/rails/engine.rb:522:in `call'
puma (3.6.2) lib/puma/configuration.rb:225:in `call'
puma (3.6.2) lib/puma/server.rb:578:in `handle_request'
puma (3.6.2) lib/puma/server.rb:415:in `process_client'
puma (3.6.2) lib/puma/server.rb:275:in `block in run'
puma (3.6.2) lib/puma/thread_pool.rb:116:in `call'
puma (3.6.2) lib/puma/thread_pool.rb:116:in `block in spawn_thread'
Started GET "/v1/productos" for ::1 at 2017-01-20 16:52:14 -0300
  
ActionController::RoutingError (No route matches [GET] "/v1/productos"):
  
actionpack (5.0.1) lib/action_dispatch/middleware/debug_exceptions.rb:53:in `call'
actionpack (5.0.1) lib/action_dispatch/middleware/show_exceptions.rb:31:in `call'
railties (5.0.1) lib/rails/rack/logger.rb:36:in `call_app'
railties (5.0.1) lib/rails/rack/logger.rb:24:in `block in call'
activesupport (5.0.1) lib/active_support/tagged_logging.rb:69:in `block in tagged'
activesupport (5.0.1) lib/active_support/tagged_logging.rb:26:in `tagged'
activesupport (5.0.1) lib/active_support/tagged_logging.rb:69:in `tagged'
railties (5.0.1) lib/rails/rack/logger.rb:24:in `call'
actionpack (5.0.1) lib/action_dispatch/middleware/request_id.rb:24:in `call'
rack (2.0.1) lib/rack/runtime.rb:22:in `call'
activesupport (5.0.1) lib/active_support/cache/strategy/local_cache_middleware.rb:28:in `call'
actionpack (5.0.1) lib/action_dispatch/middleware/executor.rb:12:in `call'
actionpack (5.0.1) lib/action_dispatch/middleware/static.rb:136:in `call'
rack (2.0.1) lib/rack/sendfile.rb:111:in `call'
railties (5.0.1) lib/rails/engine.rb:522:in `call'
puma (3.6.2) lib/puma/configuration.rb:225:in `call'
puma (3.6.2) lib/puma/server.rb:578:in `handle_request'
puma (3.6.2) lib/puma/server.rb:415:in `process_client'
puma (3.6.2) lib/puma/server.rb:275:in `block in run'
puma (3.6.2) lib/puma/thread_pool.rb:116:in `call'
puma (3.6.2) lib/puma/thread_pool.rb:116:in `block in spawn_thread'
Started GET "/v1/productos" for ::1 at 2017-01-20 16:55:18 -0300
  [1m[36mActiveRecord::SchemaMigration Load (1.0ms)[0m  [1m[34mSELECT "schema_migrations".* FROM "schema_migrations"[0m
  
ActionController::RoutingError (No route matches [GET] "/v1/productos"):
  
actionpack (5.0.1) lib/action_dispatch/middleware/debug_exceptions.rb:53:in `call'
actionpack (5.0.1) lib/action_dispatch/middleware/show_exceptions.rb:31:in `call'
railties (5.0.1) lib/rails/rack/logger.rb:36:in `call_app'
railties (5.0.1) lib/rails/rack/logger.rb:24:in `block in call'
activesupport (5.0.1) lib/active_support/tagged_logging.rb:69:in `block in tagged'
activesupport (5.0.1) lib/active_support/tagged_logging.rb:26:in `tagged'
activesupport (5.0.1) lib/active_support/tagged_logging.rb:69:in `tagged'
railties (5.0.1) lib/rails/rack/logger.rb:24:in `call'
actionpack (5.0.1) lib/action_dispatch/middleware/request_id.rb:24:in `call'
rack (2.0.1) lib/rack/runtime.rb:22:in `call'
activesupport (5.0.1) lib/active_support/cache/strategy/local_cache_middleware.rb:28:in `call'
actionpack (5.0.1) lib/action_dispatch/middleware/executor.rb:12:in `call'
actionpack (5.0.1) lib/action_dispatch/middleware/static.rb:136:in `call'
rack (2.0.1) lib/rack/sendfile.rb:111:in `call'
railties (5.0.1) lib/rails/engine.rb:522:in `call'
puma (3.6.2) lib/puma/configuration.rb:225:in `call'
puma (3.6.2) lib/puma/server.rb:578:in `handle_request'
puma (3.6.2) lib/puma/server.rb:415:in `process_client'
puma (3.6.2) lib/puma/server.rb:275:in `block in run'
puma (3.6.2) lib/puma/thread_pool.rb:116:in `call'
puma (3.6.2) lib/puma/thread_pool.rb:116:in `block in spawn_thread'
Started GET "/api/v1/productos" for ::1 at 2017-01-20 16:55:26 -0300
  
ActionController::RoutingError (uninitialized constant ApplicationController):
  
app/controllers/api/v1/productos_controller.rb:2:in `<top (required)>'
Started GET "/api/v1/productos" for ::1 at 2017-01-20 16:55:52 -0300
  
ActionController::RoutingError (uninitialized constant ApplicationController):
  
app/controllers/api/v1/productos_controller.rb:2:in `<top (required)>'
Started GET "/api/v1/productos" for ::1 at 2017-01-20 16:57:21 -0300
  [1m[36mActiveRecord::SchemaMigration Load (1.0ms)[0m  [1m[34mSELECT "schema_migrations".* FROM "schema_migrations"[0m
  
ActionController::RoutingError (uninitialized constant ApplicationController):
  
app/controllers/api/v1/productos_controller.rb:2:in `<top (required)>'
Started GET "/api/v1/productos" for ::1 at 2017-01-20 16:58:17 -0300
  
SyntaxError (C:/OpencoreMovil/TestCoreApi/app/controllers/api/v1/productos_controller.rb:2: syntax error, unexpected tSYMBEG, expecting '<' or ';' or '\n'
class Api::V1:ProductosController < ApplicationController
              ^):
  
app/controllers/api/v1/productos_controller.rb:2: syntax error, unexpected tSYMBEG, expecting '<' or ';' or '\n'
Started GET "/api/v1/productos" for ::1 at 2017-01-20 16:59:21 -0300
  [1m[36mActiveRecord::SchemaMigration Load (2.0ms)[0m  [1m[34mSELECT "schema_migrations".* FROM "schema_migrations"[0m
  
SyntaxError (C:/OpencoreMovil/TestCoreApi/app/controllers/api/v1/productos_controller.rb:2: syntax error, unexpected tSYMBEG, expecting '<' or ';' or '\n'
class Api::V1:ProductosController < ApplicationController
              ^):
  
app/controllers/api/v1/productos_controller.rb:2: syntax error, unexpected tSYMBEG, expecting '<' or ';' or '\n'
Started GET "/api/v1/productos" for ::1 at 2017-01-20 17:00:27 -0300
  
ActionController::RoutingError (uninitialized constant ApplicationController):
  
app/controllers/api/v1/productos_controller.rb:2:in `<top (required)>'
Started GET "/v1/productos" for ::1 at 2017-01-20 17:00:51 -0300
  
ActionController::RoutingError (No route matches [GET] "/v1/productos"):
  
actionpack (5.0.1) lib/action_dispatch/middleware/debug_exceptions.rb:53:in `call'
actionpack (5.0.1) lib/action_dispatch/middleware/show_exceptions.rb:31:in `call'
railties (5.0.1) lib/rails/rack/logger.rb:36:in `call_app'
railties (5.0.1) lib/rails/rack/logger.rb:24:in `block in call'
activesupport (5.0.1) lib/active_support/tagged_logging.rb:69:in `block in tagged'
activesupport (5.0.1) lib/active_support/tagged_logging.rb:26:in `tagged'
activesupport (5.0.1) lib/active_support/tagged_logging.rb:69:in `tagged'
railties (5.0.1) lib/rails/rack/logger.rb:24:in `call'
actionpack (5.0.1) lib/action_dispatch/middleware/request_id.rb:24:in `call'
rack (2.0.1) lib/rack/runtime.rb:22:in `call'
activesupport (5.0.1) lib/active_support/cache/strategy/local_cache_middleware.rb:28:in `call'
actionpack (5.0.1) lib/action_dispatch/middleware/executor.rb:12:in `call'
actionpack (5.0.1) lib/action_dispatch/middleware/static.rb:136:in `call'
rack (2.0.1) lib/rack/sendfile.rb:111:in `call'
railties (5.0.1) lib/rails/engine.rb:522:in `call'
puma (3.6.2) lib/puma/configuration.rb:225:in `call'
puma (3.6.2) lib/puma/server.rb:578:in `handle_request'
puma (3.6.2) lib/puma/server.rb:415:in `process_client'
puma (3.6.2) lib/puma/server.rb:275:in `block in run'
puma (3.6.2) lib/puma/thread_pool.rb:116:in `call'
puma (3.6.2) lib/puma/thread_pool.rb:116:in `block in spawn_thread'
Started GET "/api/v1/productos" for ::1 at 2017-01-20 17:01:06 -0300
  
ActionController::RoutingError (uninitialized constant ApplicationController):
  
app/controllers/api/v1/productos_controller.rb:2:in `<top (required)>'
Started GET "/api/v1/productos" for ::1 at 2017-01-20 17:01:55 -0300
  
ActionController::RoutingError (uninitialized constant ApplicationController):
  
app/controllers/api/v1/productos_controller.rb:2:in `<top (required)>'
Started GET "/api/v1/productos" for ::1 at 2017-01-20 17:02:42 -0300
  [1m[36mActiveRecord::SchemaMigration Load (1.0ms)[0m  [1m[34mSELECT "schema_migrations".* FROM "schema_migrations"[0m
  
ActionController::RoutingError (uninitialized constant ApplicationController):
  
app/controllers/api/v1/productos_controller.rb:2:in `<top (required)>'
Started GET "/api/v1/productos" for ::1 at 2017-01-20 17:04:09 -0300
  [1m[36mActiveRecord::SchemaMigration Load (1.0ms)[0m  [1m[34mSELECT "schema_migrations".* FROM "schema_migrations"[0m
  
LoadError (Unable to autoload constant ApplicationController, expected C:/OpencoreMovil/TestCoreApi/app/controllers/application_controller.rb to define it):
  
app/controllers/api/v1/productos_controller.rb:2:in `<top (required)>'
Started GET "/api/v1/productos" for ::1 at 2017-01-20 17:08:56 -0300
  [1m[36mActiveRecord::SchemaMigration Load (2.0ms)[0m  [1m[34mSELECT "schema_migrations".* FROM "schema_migrations"[0m
  
LoadError (Unable to autoload constant ApplicationController, expected C:/OpencoreMovil/TestCoreApi/app/controllers/application_controller.rb to define it):
  
app/controllers/api/v1/productos_controller.rb:2:in `<top (required)>'
Started GET "/v1/productos" for ::1 at 2017-01-20 17:11:19 -0300
  [1m[36mActiveRecord::SchemaMigration Load (1.0ms)[0m  [1m[34mSELECT "schema_migrations".* FROM "schema_migrations"[0m
  
ActionController::RoutingError (No route matches [GET] "/v1/productos"):
  
actionpack (5.0.1) lib/action_dispatch/middleware/debug_exceptions.rb:53:in `call'
actionpack (5.0.1) lib/action_dispatch/middleware/show_exceptions.rb:31:in `call'
railties (5.0.1) lib/rails/rack/logger.rb:36:in `call_app'
railties (5.0.1) lib/rails/rack/logger.rb:24:in `block in call'
activesupport (5.0.1) lib/active_support/tagged_logging.rb:69:in `block in tagged'
activesupport (5.0.1) lib/active_support/tagged_logging.rb:26:in `tagged'
activesupport (5.0.1) lib/active_support/tagged_logging.rb:69:in `tagged'
railties (5.0.1) lib/rails/rack/logger.rb:24:in `call'
actionpack (5.0.1) lib/action_dispatch/middleware/request_id.rb:24:in `call'
rack (2.0.1) lib/rack/runtime.rb:22:in `call'
activesupport (5.0.1) lib/active_support/cache/strategy/local_cache_middleware.rb:28:in `call'
actionpack (5.0.1) lib/action_dispatch/middleware/executor.rb:12:in `call'
actionpack (5.0.1) lib/action_dispatch/middleware/static.rb:136:in `call'
rack (2.0.1) lib/rack/sendfile.rb:111:in `call'
railties (5.0.1) lib/rails/engine.rb:522:in `call'
puma (3.6.2) lib/puma/configuration.rb:225:in `call'
puma (3.6.2) lib/puma/server.rb:578:in `handle_request'
puma (3.6.2) lib/puma/server.rb:415:in `process_client'
puma (3.6.2) lib/puma/server.rb:275:in `block in run'
puma (3.6.2) lib/puma/thread_pool.rb:116:in `call'
puma (3.6.2) lib/puma/thread_pool.rb:116:in `block in spawn_thread'
Started GET "/api/v1/productos" for ::1 at 2017-01-20 17:11:35 -0300
  
LoadError (Unable to autoload constant ApplicationController, expected C:/OpencoreMovil/TestCoreApi/app/controllers/application_controller.rb to define it):
  
app/controllers/api/v1/productos_controller.rb:2:in `<top (required)>'
Started GET "/" for ::1 at 2017-01-21 13:19:28 -0300
  [1m[36mActiveRecord::SchemaMigration Load (0.0ms)[0m  [1m[34mSELECT "schema_migrations".* FROM "schema_migrations"[0m
  
ActionController::RoutingError (uninitialized constant ProductosController):
  
activesupport (5.0.1) lib/active_support/inflector/methods.rb:268:in `const_get'
activesupport (5.0.1) lib/active_support/inflector/methods.rb:268:in `block in constantize'
activesupport (5.0.1) lib/active_support/inflector/methods.rb:266:in `each'
activesupport (5.0.1) lib/active_support/inflector/methods.rb:266:in `inject'
activesupport (5.0.1) lib/active_support/inflector/methods.rb:266:in `constantize'
actionpack (5.0.1) lib/action_dispatch/http/request.rb:81:in `controller_class'
actionpack (5.0.1) lib/action_dispatch/routing/route_set.rb:44:in `controller'
actionpack (5.0.1) lib/action_dispatch/routing/route_set.rb:30:in `serve'
actionpack (5.0.1) lib/action_dispatch/journey/router.rb:39:in `block in serve'
actionpack (5.0.1) lib/action_dispatch/journey/router.rb:26:in `each'
actionpack (5.0.1) lib/action_dispatch/journey/router.rb:26:in `serve'
actionpack (5.0.1) lib/action_dispatch/routing/route_set.rb:725:in `call'
rack (2.0.1) lib/rack/etag.rb:25:in `call'
rack (2.0.1) lib/rack/conditional_get.rb:25:in `call'
rack (2.0.1) lib/rack/head.rb:12:in `call'
activerecord (5.0.1) lib/active_record/migration.rb:553:in `call'
actionpack (5.0.1) lib/action_dispatch/middleware/callbacks.rb:38:in `block in call'
activesupport (5.0.1) lib/active_support/callbacks.rb:97:in `__run_callbacks__'
activesupport (5.0.1) lib/active_support/callbacks.rb:750:in `_run_call_callbacks'
activesupport (5.0.1) lib/active_support/callbacks.rb:90:in `run_callbacks'
actionpack (5.0.1) lib/action_dispatch/middleware/callbacks.rb:36:in `call'
actionpack (5.0.1) lib/action_dispatch/middleware/executor.rb:12:in `call'
actionpack (5.0.1) lib/action_dispatch/middleware/remote_ip.rb:79:in `call'
actionpack (5.0.1) lib/action_dispatch/middleware/debug_exceptions.rb:49:in `call'
actionpack (5.0.1) lib/action_dispatch/middleware/show_exceptions.rb:31:in `call'
railties (5.0.1) lib/rails/rack/logger.rb:36:in `call_app'
railties (5.0.1) lib/rails/rack/logger.rb:24:in `block in call'
activesupport (5.0.1) lib/active_support/tagged_logging.rb:69:in `block in tagged'
activesupport (5.0.1) lib/active_support/tagged_logging.rb:26:in `tagged'
activesupport (5.0.1) lib/active_support/tagged_logging.rb:69:in `tagged'
railties (5.0.1) lib/rails/rack/logger.rb:24:in `call'
actionpack (5.0.1) lib/action_dispatch/middleware/request_id.rb:24:in `call'
rack (2.0.1) lib/rack/runtime.rb:22:in `call'
activesupport (5.0.1) lib/active_support/cache/strategy/local_cache_middleware.rb:28:in `call'
actionpack (5.0.1) lib/action_dispatch/middleware/executor.rb:12:in `call'
actionpack (5.0.1) lib/action_dispatch/middleware/static.rb:136:in `call'
rack (2.0.1) lib/rack/sendfile.rb:111:in `call'
railties (5.0.1) lib/rails/engine.rb:522:in `call'
puma (3.6.2) lib/puma/configuration.rb:225:in `call'
puma (3.6.2) lib/puma/server.rb:578:in `handle_request'
puma (3.6.2) lib/puma/server.rb:415:in `process_client'
puma (3.6.2) lib/puma/server.rb:275:in `block in run'
puma (3.6.2) lib/puma/thread_pool.rb:116:in `call'
puma (3.6.2) lib/puma/thread_pool.rb:116:in `block in spawn_thread'
Started GET "/favicon.ico" for ::1 at 2017-01-21 13:19:30 -0300
  
ActionController::RoutingError (No route matches [GET] "/favicon.ico"):
  
actionpack (5.0.1) lib/action_dispatch/middleware/debug_exceptions.rb:53:in `call'
actionpack (5.0.1) lib/action_dispatch/middleware/show_exceptions.rb:31:in `call'
railties (5.0.1) lib/rails/rack/logger.rb:36:in `call_app'
railties (5.0.1) lib/rails/rack/logger.rb:24:in `block in call'
activesupport (5.0.1) lib/active_support/tagged_logging.rb:69:in `block in tagged'
activesupport (5.0.1) lib/active_support/tagged_logging.rb:26:in `tagged'
activesupport (5.0.1) lib/active_support/tagged_logging.rb:69:in `tagged'
railties (5.0.1) lib/rails/rack/logger.rb:24:in `call'
actionpack (5.0.1) lib/action_dispatch/middleware/request_id.rb:24:in `call'
rack (2.0.1) lib/rack/runtime.rb:22:in `call'
activesupport (5.0.1) lib/active_support/cache/strategy/local_cache_middleware.rb:28:in `call'
actionpack (5.0.1) lib/action_dispatch/middleware/executor.rb:12:in `call'
actionpack (5.0.1) lib/action_dispatch/middleware/static.rb:136:in `call'
rack (2.0.1) lib/rack/sendfile.rb:111:in `call'
railties (5.0.1) lib/rails/engine.rb:522:in `call'
puma (3.6.2) lib/puma/configuration.rb:225:in `call'
puma (3.6.2) lib/puma/server.rb:578:in `handle_request'
puma (3.6.2) lib/puma/server.rb:415:in `process_client'
puma (3.6.2) lib/puma/server.rb:275:in `block in run'
puma (3.6.2) lib/puma/thread_pool.rb:116:in `call'
puma (3.6.2) lib/puma/thread_pool.rb:116:in `block in spawn_thread'
Started GET "/api/v1/productos" for ::1 at 2017-01-21 13:19:36 -0300
Processing by Api::V1::ProductosController#index as HTML
  Parameters: {"defualts"=>{"format"=>"json"}}
[active_model_serializers]   [1m[36mProducto Load (1.0ms)[0m  [1m[34mSELECT "productos".* FROM "productos"[0m
[active_model_serializers] Rendered ActiveModel::Serializer::Null with Hash (12.88ms)
Completed 200 OK in 57ms (Views: 36.1ms | ActiveRecord: 3.0ms)


Started GET "/" for ::1 at 2017-01-21 13:20:18 -0300
Processing by Api::V1::ProductosController#index as HTML
[active_model_serializers]   [1m[36mProducto Load (1.0ms)[0m  [1m[34mSELECT "productos".* FROM "productos"[0m
[active_model_serializers] Rendered ActiveModel::Serializer::Null with Hash (10.01ms)
Completed 200 OK in 38ms (Views: 24.1ms | ActiveRecord: 3.0ms)


